<?xml version="1.0" encoding="UTF-8"?>
<coverage generated="1678844834532" clover="3.2.0">
  <project timestamp="1678844834532" name="All files">
    <metrics statements="1164" coveredstatements="831" conditionals="73" coveredconditionals="42" methods="38" coveredmethods="15" elements="1275" coveredelements="888" complexity="0" loc="1164" ncloc="1164" packages="12" files="15" classes="15"/>
    <package name="src">
      <metrics statements="39" coveredstatements="39" conditionals="2" coveredconditionals="2" methods="2" coveredmethods="2"/>
      <file name="App.jsx" path="/Users/azizjalel/NUProjects/src/App.jsx">
        <metrics statements="19" coveredstatements="19" conditionals="1" coveredconditionals="1" methods="1" coveredmethods="1"/>
        <line num="1" count="1" type="stmt"/>
        <line num="2" count="1" type="stmt"/>
        <line num="3" count="1" type="stmt"/>
        <line num="4" count="1" type="stmt"/>
        <line num="5" count="1" type="stmt"/>
        <line num="6" count="1" type="stmt"/>
        <line num="7" count="1" type="stmt"/>
        <line num="8" count="1" type="cond" truecount="1" falsecount="0"/>
        <line num="9" count="3" type="stmt"/>
        <line num="10" count="3" type="stmt"/>
        <line num="11" count="3" type="stmt"/>
        <line num="12" count="3" type="stmt"/>
        <line num="13" count="3" type="stmt"/>
        <line num="14" count="3" type="stmt"/>
        <line num="15" count="3" type="stmt"/>
        <line num="16" count="3" type="stmt"/>
        <line num="17" count="3" type="stmt"/>
        <line num="18" count="1" type="stmt"/>
        <line num="19" count="1" type="stmt"/>
      </file>
      <file name="Routes.jsx" path="/Users/azizjalel/NUProjects/src/Routes.jsx">
        <metrics statements="20" coveredstatements="20" conditionals="1" coveredconditionals="1" methods="1" coveredmethods="1"/>
        <line num="1" count="1" type="stmt"/>
        <line num="2" count="1" type="stmt"/>
        <line num="3" count="1" type="stmt"/>
        <line num="4" count="1" type="stmt"/>
        <line num="5" count="1" type="stmt"/>
        <line num="6" count="1" type="stmt"/>
        <line num="7" count="1" type="stmt"/>
        <line num="8" count="1" type="cond" truecount="1" falsecount="0"/>
        <line num="9" count="18" type="stmt"/>
        <line num="10" count="18" type="stmt"/>
        <line num="11" count="18" type="stmt"/>
        <line num="12" count="18" type="stmt"/>
        <line num="13" count="18" type="stmt"/>
        <line num="14" count="18" type="stmt"/>
        <line num="15" count="18" type="stmt"/>
        <line num="16" count="18" type="stmt"/>
        <line num="17" count="18" type="stmt"/>
        <line num="18" count="18" type="stmt"/>
        <line num="19" count="1" type="stmt"/>
        <line num="20" count="1" type="stmt"/>
      </file>
    </package>
    <package name="src.components.AddButton">
      <metrics statements="31" coveredstatements="31" conditionals="1" coveredconditionals="0" methods="1" coveredmethods="0"/>
      <file name="AddButton.jsx" path="/Users/azizjalel/NUProjects/src/components/AddButton/AddButton.jsx">
        <metrics statements="31" coveredstatements="31" conditionals="1" coveredconditionals="0" methods="1" coveredmethods="0"/>
        <line num="1" count="1" type="stmt"/>
        <line num="2" count="1" type="stmt"/>
        <line num="3" count="1" type="stmt"/>
        <line num="4" count="1" type="stmt"/>
        <line num="5" count="1" type="stmt"/>
        <line num="6" count="1" type="stmt"/>
        <line num="7" count="1" type="stmt"/>
        <line num="8" count="1" type="stmt"/>
        <line num="9" count="1" type="stmt"/>
        <line num="10" count="1" type="stmt"/>
        <line num="11" count="1" type="stmt"/>
        <line num="12" count="1" type="stmt"/>
        <line num="13" count="1" type="stmt"/>
        <line num="14" count="1" type="stmt"/>
        <line num="15" count="1" type="stmt"/>
        <line num="16" count="1" type="stmt"/>
        <line num="17" count="1" type="cond" truecount="0" falsecount="1"/>
        <line num="18" count="1" type="stmt"/>
        <line num="19" count="1" type="stmt"/>
        <line num="20" count="1" type="stmt"/>
        <line num="21" count="1" type="stmt"/>
        <line num="22" count="1" type="stmt"/>
        <line num="23" count="1" type="stmt"/>
        <line num="24" count="1" type="stmt"/>
        <line num="25" count="1" type="stmt"/>
        <line num="26" count="1" type="stmt"/>
        <line num="27" count="1" type="stmt"/>
        <line num="28" count="1" type="stmt"/>
        <line num="29" count="1" type="stmt"/>
        <line num="30" count="1" type="stmt"/>
        <line num="31" count="1" type="stmt"/>
      </file>
    </package>
    <package name="src.components.AddModal">
      <metrics statements="315" coveredstatements="251" conditionals="15" coveredconditionals="8" methods="6" coveredmethods="3"/>
      <file name="AddModal.jsx" path="/Users/azizjalel/NUProjects/src/components/AddModal/AddModal.jsx">
        <metrics statements="315" coveredstatements="251" conditionals="15" coveredconditionals="8" methods="6" coveredmethods="3"/>
        <line num="1" count="1" type="stmt"/>
        <line num="2" count="1" type="stmt"/>
        <line num="3" count="1" type="stmt"/>
        <line num="4" count="1" type="stmt"/>
        <line num="5" count="1" type="stmt"/>
        <line num="6" count="1" type="stmt"/>
        <line num="7" count="1" type="stmt"/>
        <line num="8" count="1" type="stmt"/>
        <line num="9" count="1" type="cond" truecount="1" falsecount="0"/>
        <line num="10" count="95" type="stmt"/>
        <line num="11" count="95" type="stmt"/>
        <line num="12" count="95" type="stmt"/>
        <line num="13" count="95" type="stmt"/>
        <line num="14" count="95" type="stmt"/>
        <line num="15" count="95" type="stmt"/>
        <line num="16" count="95" type="stmt"/>
        <line num="17" count="95" type="stmt"/>
        <line num="18" count="95" type="stmt"/>
        <line num="19" count="95" type="stmt"/>
        <line num="20" count="95" type="stmt"/>
        <line num="21" count="95" type="stmt"/>
        <line num="22" count="95" type="stmt"/>
        <line num="23" count="95" type="stmt"/>
        <line num="24" count="95" type="stmt"/>
        <line num="25" count="95" type="stmt"/>
        <line num="26" count="95" type="stmt"/>
        <line num="27" count="95" type="stmt"/>
        <line num="28" count="0" type="stmt"/>
        <line num="29" count="0" type="stmt"/>
        <line num="30" count="0" type="stmt"/>
        <line num="31" count="0" type="stmt"/>
        <line num="32" count="0" type="stmt"/>
        <line num="33" count="0" type="stmt"/>
        <line num="34" count="0" type="stmt"/>
        <line num="35" count="0" type="stmt"/>
        <line num="36" count="0" type="stmt"/>
        <line num="37" count="0" type="stmt"/>
        <line num="38" count="0" type="stmt"/>
        <line num="39" count="0" type="stmt"/>
        <line num="40" count="95" type="cond" truecount="1" falsecount="0"/>
        <line num="41" count="2" type="stmt"/>
        <line num="42" count="2" type="stmt"/>
        <line num="43" count="2" type="cond" truecount="1" falsecount="0"/>
        <line num="44" count="1" type="cond" truecount="0" falsecount="1"/>
        <line num="45" count="0" type="cond" truecount="0" falsecount="1"/>
        <line num="46" count="0" type="cond" truecount="0" falsecount="1"/>
        <line num="47" count="0" type="cond" truecount="0" falsecount="1"/>
        <line num="48" count="0" type="stmt"/>
        <line num="49" count="2" type="stmt"/>
        <line num="50" count="2" type="stmt"/>
        <line num="51" count="2" type="stmt"/>
        <line num="52" count="2" type="cond" truecount="0" falsecount="1"/>
        <line num="53" count="0" type="stmt"/>
        <line num="54" count="0" type="stmt"/>
        <line num="55" count="0" type="stmt"/>
        <line num="56" count="0" type="stmt"/>
        <line num="57" count="0" type="stmt"/>
        <line num="58" count="0" type="stmt"/>
        <line num="59" count="0" type="stmt"/>
        <line num="60" count="0" type="stmt"/>
        <line num="61" count="0" type="stmt"/>
        <line num="62" count="0" type="stmt"/>
        <line num="63" count="0" type="stmt"/>
        <line num="64" count="0" type="stmt"/>
        <line num="65" count="0" type="stmt"/>
        <line num="66" count="0" type="stmt"/>
        <line num="67" count="0" type="stmt"/>
        <line num="68" count="0" type="stmt"/>
        <line num="69" count="0" type="stmt"/>
        <line num="70" count="0" type="stmt"/>
        <line num="71" count="0" type="stmt"/>
        <line num="72" count="0" type="stmt"/>
        <line num="73" count="0" type="stmt"/>
        <line num="74" count="0" type="stmt"/>
        <line num="75" count="0" type="stmt"/>
        <line num="76" count="0" type="stmt"/>
        <line num="77" count="0" type="stmt"/>
        <line num="78" count="0" type="stmt"/>
        <line num="79" count="0" type="stmt"/>
        <line num="80" count="0" type="stmt"/>
        <line num="81" count="0" type="stmt"/>
        <line num="82" count="2" type="stmt"/>
        <line num="83" count="95" type="stmt"/>
        <line num="84" count="95" type="stmt"/>
        <line num="85" count="0" type="stmt"/>
        <line num="86" count="0" type="stmt"/>
        <line num="87" count="0" type="stmt"/>
        <line num="88" count="0" type="stmt"/>
        <line num="89" count="95" type="stmt"/>
        <line num="90" count="95" type="cond" truecount="1" falsecount="0"/>
        <line num="91" count="1" type="stmt"/>
        <line num="92" count="1" type="stmt"/>
        <line num="93" count="1" type="cond" truecount="1" falsecount="0"/>
        <line num="94" count="15" type="cond" truecount="0" falsecount="1"/>
        <line num="95" count="0" type="stmt"/>
        <line num="96" count="0" type="stmt"/>
        <line num="97" count="15" type="stmt"/>
        <line num="98" count="1" type="stmt"/>
        <line num="99" count="1" type="stmt"/>
        <line num="100" count="95" type="stmt"/>
        <line num="101" count="95" type="stmt"/>
        <line num="102" count="0" type="stmt"/>
        <line num="103" count="0" type="stmt"/>
        <line num="104" count="0" type="stmt"/>
        <line num="105" count="0" type="stmt"/>
        <line num="106" count="0" type="stmt"/>
        <line num="107" count="0" type="stmt"/>
        <line num="108" count="0" type="stmt"/>
        <line num="109" count="0" type="stmt"/>
        <line num="110" count="0" type="stmt"/>
        <line num="111" count="95" type="stmt"/>
        <line num="112" count="95" type="stmt"/>
        <line num="113" count="95" type="stmt"/>
        <line num="114" count="95" type="stmt"/>
        <line num="115" count="95" type="stmt"/>
        <line num="116" count="95" type="stmt"/>
        <line num="117" count="95" type="stmt"/>
        <line num="118" count="95" type="stmt"/>
        <line num="119" count="95" type="stmt"/>
        <line num="120" count="95" type="stmt"/>
        <line num="121" count="95" type="stmt"/>
        <line num="122" count="95" type="stmt"/>
        <line num="123" count="95" type="stmt"/>
        <line num="124" count="95" type="stmt"/>
        <line num="125" count="95" type="stmt"/>
        <line num="126" count="95" type="stmt"/>
        <line num="127" count="95" type="stmt"/>
        <line num="128" count="95" type="stmt"/>
        <line num="129" count="95" type="stmt"/>
        <line num="130" count="95" type="stmt"/>
        <line num="131" count="95" type="stmt"/>
        <line num="132" count="95" type="stmt"/>
        <line num="133" count="95" type="stmt"/>
        <line num="134" count="95" type="stmt"/>
        <line num="135" count="95" type="stmt"/>
        <line num="136" count="95" type="stmt"/>
        <line num="137" count="95" type="stmt"/>
        <line num="138" count="95" type="stmt"/>
        <line num="139" count="95" type="stmt"/>
        <line num="140" count="95" type="stmt"/>
        <line num="141" count="95" type="stmt"/>
        <line num="142" count="95" type="stmt"/>
        <line num="143" count="95" type="stmt"/>
        <line num="144" count="95" type="stmt"/>
        <line num="145" count="95" type="stmt"/>
        <line num="146" count="95" type="stmt"/>
        <line num="147" count="95" type="stmt"/>
        <line num="148" count="95" type="stmt"/>
        <line num="149" count="95" type="stmt"/>
        <line num="150" count="95" type="stmt"/>
        <line num="151" count="95" type="stmt"/>
        <line num="152" count="95" type="stmt"/>
        <line num="153" count="95" type="stmt"/>
        <line num="154" count="95" type="stmt"/>
        <line num="155" count="95" type="stmt"/>
        <line num="156" count="95" type="stmt"/>
        <line num="157" count="95" type="stmt"/>
        <line num="158" count="95" type="stmt"/>
        <line num="159" count="95" type="stmt"/>
        <line num="160" count="95" type="stmt"/>
        <line num="161" count="95" type="stmt"/>
        <line num="162" count="95" type="stmt"/>
        <line num="163" count="95" type="stmt"/>
        <line num="164" count="95" type="stmt"/>
        <line num="165" count="95" type="stmt"/>
        <line num="166" count="95" type="stmt"/>
        <line num="167" count="95" type="stmt"/>
        <line num="168" count="95" type="stmt"/>
        <line num="169" count="95" type="stmt"/>
        <line num="170" count="95" type="stmt"/>
        <line num="171" count="95" type="stmt"/>
        <line num="172" count="95" type="stmt"/>
        <line num="173" count="95" type="stmt"/>
        <line num="174" count="95" type="stmt"/>
        <line num="175" count="95" type="stmt"/>
        <line num="176" count="95" type="stmt"/>
        <line num="177" count="95" type="stmt"/>
        <line num="178" count="95" type="stmt"/>
        <line num="179" count="95" type="stmt"/>
        <line num="180" count="95" type="stmt"/>
        <line num="181" count="95" type="stmt"/>
        <line num="182" count="95" type="stmt"/>
        <line num="183" count="95" type="stmt"/>
        <line num="184" count="95" type="stmt"/>
        <line num="185" count="95" type="stmt"/>
        <line num="186" count="95" type="stmt"/>
        <line num="187" count="95" type="stmt"/>
        <line num="188" count="95" type="stmt"/>
        <line num="189" count="95" type="stmt"/>
        <line num="190" count="95" type="stmt"/>
        <line num="191" count="95" type="stmt"/>
        <line num="192" count="95" type="stmt"/>
        <line num="193" count="95" type="stmt"/>
        <line num="194" count="95" type="stmt"/>
        <line num="195" count="95" type="stmt"/>
        <line num="196" count="95" type="stmt"/>
        <line num="197" count="95" type="stmt"/>
        <line num="198" count="95" type="stmt"/>
        <line num="199" count="95" type="stmt"/>
        <line num="200" count="95" type="stmt"/>
        <line num="201" count="95" type="stmt"/>
        <line num="202" count="95" type="stmt"/>
        <line num="203" count="95" type="stmt"/>
        <line num="204" count="95" type="stmt"/>
        <line num="205" count="95" type="stmt"/>
        <line num="206" count="95" type="stmt"/>
        <line num="207" count="95" type="stmt"/>
        <line num="208" count="95" type="stmt"/>
        <line num="209" count="95" type="stmt"/>
        <line num="210" count="95" type="stmt"/>
        <line num="211" count="95" type="stmt"/>
        <line num="212" count="95" type="stmt"/>
        <line num="213" count="95" type="stmt"/>
        <line num="214" count="95" type="stmt"/>
        <line num="215" count="95" type="stmt"/>
        <line num="216" count="95" type="stmt"/>
        <line num="217" count="95" type="stmt"/>
        <line num="218" count="95" type="stmt"/>
        <line num="219" count="95" type="stmt"/>
        <line num="220" count="95" type="stmt"/>
        <line num="221" count="95" type="stmt"/>
        <line num="222" count="95" type="stmt"/>
        <line num="223" count="95" type="stmt"/>
        <line num="224" count="95" type="stmt"/>
        <line num="225" count="95" type="stmt"/>
        <line num="226" count="95" type="stmt"/>
        <line num="227" count="95" type="stmt"/>
        <line num="228" count="95" type="stmt"/>
        <line num="229" count="95" type="stmt"/>
        <line num="230" count="95" type="stmt"/>
        <line num="231" count="95" type="stmt"/>
        <line num="232" count="95" type="stmt"/>
        <line num="233" count="95" type="stmt"/>
        <line num="234" count="95" type="stmt"/>
        <line num="235" count="95" type="stmt"/>
        <line num="236" count="95" type="stmt"/>
        <line num="237" count="95" type="stmt"/>
        <line num="238" count="95" type="stmt"/>
        <line num="239" count="95" type="stmt"/>
        <line num="240" count="95" type="stmt"/>
        <line num="241" count="95" type="stmt"/>
        <line num="242" count="95" type="stmt"/>
        <line num="243" count="95" type="stmt"/>
        <line num="244" count="95" type="stmt"/>
        <line num="245" count="95" type="stmt"/>
        <line num="246" count="95" type="stmt"/>
        <line num="247" count="95" type="stmt"/>
        <line num="248" count="95" type="stmt"/>
        <line num="249" count="95" type="stmt"/>
        <line num="250" count="95" type="stmt"/>
        <line num="251" count="95" type="stmt"/>
        <line num="252" count="95" type="stmt"/>
        <line num="253" count="95" type="stmt"/>
        <line num="254" count="95" type="stmt"/>
        <line num="255" count="95" type="stmt"/>
        <line num="256" count="95" type="stmt"/>
        <line num="257" count="95" type="stmt"/>
        <line num="258" count="95" type="stmt"/>
        <line num="259" count="95" type="stmt"/>
        <line num="260" count="95" type="stmt"/>
        <line num="261" count="95" type="stmt"/>
        <line num="262" count="95" type="stmt"/>
        <line num="263" count="95" type="stmt"/>
        <line num="264" count="95" type="stmt"/>
        <line num="265" count="95" type="stmt"/>
        <line num="266" count="95" type="stmt"/>
        <line num="267" count="95" type="stmt"/>
        <line num="268" count="95" type="stmt"/>
        <line num="269" count="95" type="stmt"/>
        <line num="270" count="95" type="stmt"/>
        <line num="271" count="95" type="stmt"/>
        <line num="272" count="95" type="stmt"/>
        <line num="273" count="95" type="stmt"/>
        <line num="274" count="95" type="stmt"/>
        <line num="275" count="95" type="stmt"/>
        <line num="276" count="95" type="stmt"/>
        <line num="277" count="95" type="stmt"/>
        <line num="278" count="95" type="cond" truecount="1" falsecount="0"/>
        <line num="279" count="2" type="stmt"/>
        <line num="280" count="2" type="stmt"/>
        <line num="281" count="2" type="stmt"/>
        <line num="282" count="2" type="cond" truecount="1" falsecount="0"/>
        <line num="283" count="92" type="stmt"/>
        <line num="284" count="92" type="stmt"/>
        <line num="285" count="95" type="stmt"/>
        <line num="286" count="95" type="cond" truecount="0" falsecount="1"/>
        <line num="287" count="0" type="stmt"/>
        <line num="288" count="0" type="stmt"/>
        <line num="289" count="0" type="stmt"/>
        <line num="290" count="0" type="cond" truecount="1" falsecount="0"/>
        <line num="291" count="94" type="stmt"/>
        <line num="292" count="94" type="stmt"/>
        <line num="293" count="95" type="stmt"/>
        <line num="294" count="95" type="stmt"/>
        <line num="295" count="95" type="stmt"/>
        <line num="296" count="95" type="stmt"/>
        <line num="297" count="95" type="stmt"/>
        <line num="298" count="95" type="stmt"/>
        <line num="299" count="95" type="stmt"/>
        <line num="300" count="95" type="stmt"/>
        <line num="301" count="95" type="stmt"/>
        <line num="302" count="95" type="stmt"/>
        <line num="303" count="95" type="stmt"/>
        <line num="304" count="95" type="stmt"/>
        <line num="305" count="95" type="stmt"/>
        <line num="306" count="95" type="stmt"/>
        <line num="307" count="1" type="stmt"/>
        <line num="308" count="1" type="stmt"/>
        <line num="309" count="1" type="stmt"/>
        <line num="310" count="1" type="stmt"/>
        <line num="311" count="1" type="stmt"/>
        <line num="312" count="1" type="stmt"/>
        <line num="313" count="1" type="stmt"/>
        <line num="314" count="1" type="stmt"/>
        <line num="315" count="1" type="stmt"/>
      </file>
    </package>
    <package name="src.components.AppliedPage">
      <metrics statements="32" coveredstatements="11" conditionals="2" coveredconditionals="0" methods="0" coveredmethods="0"/>
      <file name="AppliedPage.jsx" path="/Users/azizjalel/NUProjects/src/components/AppliedPage/AppliedPage.jsx">
        <metrics statements="32" coveredstatements="11" conditionals="2" coveredconditionals="0" methods="0" coveredmethods="0"/>
        <line num="1" count="1" type="stmt"/>
        <line num="2" count="1" type="stmt"/>
        <line num="3" count="1" type="stmt"/>
        <line num="4" count="1" type="stmt"/>
        <line num="5" count="1" type="stmt"/>
        <line num="6" count="1" type="stmt"/>
        <line num="7" count="1" type="stmt"/>
        <line num="8" count="1" type="stmt"/>
        <line num="9" count="1" type="stmt"/>
        <line num="10" count="1" type="stmt"/>
        <line num="11" count="1" type="cond" truecount="0" falsecount="2"/>
        <line num="12" count="0" type="stmt"/>
        <line num="13" count="0" type="stmt"/>
        <line num="14" count="0" type="stmt"/>
        <line num="15" count="0" type="stmt"/>
        <line num="16" count="0" type="stmt"/>
        <line num="17" count="0" type="stmt"/>
        <line num="18" count="0" type="stmt"/>
        <line num="19" count="0" type="stmt"/>
        <line num="20" count="0" type="stmt"/>
        <line num="21" count="0" type="stmt"/>
        <line num="22" count="0" type="stmt"/>
        <line num="23" count="0" type="stmt"/>
        <line num="24" count="0" type="stmt"/>
        <line num="25" count="0" type="stmt"/>
        <line num="26" count="0" type="stmt"/>
        <line num="27" count="0" type="stmt"/>
        <line num="28" count="0" type="stmt"/>
        <line num="29" count="0" type="stmt"/>
        <line num="30" count="0" type="stmt"/>
        <line num="31" count="0" type="stmt"/>
        <line num="32" count="0" type="stmt"/>
      </file>
    </package>
    <package name="src.components.CardPage">
      <metrics statements="205" coveredstatements="187" conditionals="24" coveredconditionals="21" methods="6" coveredmethods="4"/>
      <file name="Card.jsx" path="/Users/azizjalel/NUProjects/src/components/CardPage/Card.jsx">
        <metrics statements="52" coveredstatements="52" conditionals="3" coveredconditionals="3" methods="1" coveredmethods="1"/>
        <line num="1" count="1" type="stmt"/>
        <line num="2" count="1" type="stmt"/>
        <line num="3" count="1" type="stmt"/>
        <line num="4" count="1" type="stmt"/>
        <line num="5" count="1" type="stmt"/>
        <line num="6" count="1" type="stmt"/>
        <line num="7" count="1" type="stmt"/>
        <line num="8" count="1" type="cond" truecount="1" falsecount="0"/>
        <line num="9" count="1" type="stmt"/>
        <line num="10" count="1" type="stmt"/>
        <line num="11" count="1" type="stmt"/>
        <line num="12" count="1" type="stmt"/>
        <line num="13" count="1" type="stmt"/>
        <line num="14" count="1" type="stmt"/>
        <line num="15" count="1" type="stmt"/>
        <line num="16" count="1" type="stmt"/>
        <line num="17" count="1" type="stmt"/>
        <line num="18" count="1" type="stmt"/>
        <line num="19" count="1" type="stmt"/>
        <line num="20" count="1" type="cond" truecount="1" falsecount="0"/>
        <line num="21" count="1678" type="stmt"/>
        <line num="22" count="1678" type="stmt"/>
        <line num="23" count="1678" type="stmt"/>
        <line num="24" count="1678" type="stmt"/>
        <line num="25" count="1678" type="stmt"/>
        <line num="26" count="1678" type="stmt"/>
        <line num="27" count="1" type="stmt"/>
        <line num="28" count="1" type="stmt"/>
        <line num="29" count="1" type="cond" truecount="1" falsecount="0"/>
        <line num="30" count="880" type="stmt"/>
        <line num="31" count="880" type="stmt"/>
        <line num="32" count="880" type="stmt"/>
        <line num="33" count="880" type="stmt"/>
        <line num="34" count="880" type="stmt"/>
        <line num="35" count="880" type="stmt"/>
        <line num="36" count="1" type="stmt"/>
        <line num="37" count="1" type="stmt"/>
        <line num="38" count="1" type="stmt"/>
        <line num="39" count="1" type="stmt"/>
        <line num="40" count="1" type="stmt"/>
        <line num="41" count="1" type="stmt"/>
        <line num="42" count="1" type="stmt"/>
        <line num="43" count="1" type="stmt"/>
        <line num="44" count="1" type="stmt"/>
        <line num="45" count="1" type="stmt"/>
        <line num="46" count="1" type="stmt"/>
        <line num="47" count="1" type="stmt"/>
        <line num="48" count="1" type="stmt"/>
        <line num="49" count="1" type="stmt"/>
        <line num="50" count="1" type="stmt"/>
        <line num="51" count="1" type="stmt"/>
        <line num="52" count="1" type="stmt"/>
      </file>
      <file name="CardPage.jsx" path="/Users/azizjalel/NUProjects/src/components/CardPage/CardPage.jsx">
        <metrics statements="153" coveredstatements="135" conditionals="21" coveredconditionals="18" methods="5" coveredmethods="3"/>
        <line num="1" count="1" type="stmt"/>
        <line num="2" count="1" type="stmt"/>
        <line num="3" count="1" type="stmt"/>
        <line num="4" count="1" type="stmt"/>
        <line num="5" count="1" type="stmt"/>
        <line num="6" count="1" type="stmt"/>
        <line num="7" count="1" type="stmt"/>
        <line num="8" count="1" type="stmt"/>
        <line num="9" count="1" type="stmt"/>
        <line num="10" count="1" type="stmt"/>
        <line num="11" count="1" type="stmt"/>
        <line num="12" count="1" type="stmt"/>
        <line num="13" count="1" type="stmt"/>
        <line num="14" count="1" type="stmt"/>
        <line num="15" count="1" type="stmt"/>
        <line num="16" count="1" type="stmt"/>
        <line num="17" count="1" type="stmt"/>
        <line num="18" count="1" type="stmt"/>
        <line num="19" count="1" type="cond" truecount="1" falsecount="0"/>
        <line num="20" count="1372" type="cond" truecount="0" falsecount="1"/>
        <line num="21" count="0" type="stmt"/>
        <line num="22" count="0" type="stmt"/>
        <line num="23" count="1372" type="stmt"/>
        <line num="24" count="1372" type="stmt"/>
        <line num="25" count="1" type="stmt"/>
        <line num="26" count="1" type="stmt"/>
        <line num="27" count="1" type="stmt"/>
        <line num="28" count="1" type="cond" truecount="1" falsecount="0"/>
        <line num="29" count="38" type="cond" truecount="0" falsecount="1"/>
        <line num="30" count="0" type="stmt"/>
        <line num="31" count="0" type="stmt"/>
        <line num="32" count="38" type="cond" truecount="1" falsecount="0"/>
        <line num="33" count="608" type="stmt"/>
        <line num="34" count="608" type="stmt"/>
        <line num="35" count="608" type="stmt"/>
        <line num="36" count="608" type="stmt"/>
        <line num="37" count="608" type="stmt"/>
        <line num="38" count="608" type="cond" truecount="1" falsecount="0"/>
        <line num="39" count="112" type="cond" truecount="1" falsecount="0"/>
        <line num="40" count="110" type="cond" truecount="1" falsecount="0"/>
        <line num="41" count="109" type="cond" truecount="1" falsecount="0"/>
        <line num="42" count="225" type="stmt"/>
        <line num="43" count="109" type="cond" truecount="1" falsecount="0"/>
        <line num="44" count="97" type="cond" truecount="1" falsecount="0"/>
        <line num="45" count="111" type="stmt"/>
        <line num="46" count="97" type="cond" truecount="1" falsecount="0"/>
        <line num="47" count="97" type="cond" truecount="1" falsecount="0"/>
        <line num="48" count="97" type="cond" truecount="1" falsecount="0"/>
        <line num="49" count="97" type="cond" truecount="1" falsecount="0"/>
        <line num="50" count="97" type="cond" truecount="1" falsecount="0"/>
        <line num="51" count="196" type="stmt"/>
        <line num="52" count="97" type="stmt"/>
        <line num="53" count="608" type="stmt"/>
        <line num="54" count="608" type="stmt"/>
        <line num="55" count="38" type="stmt"/>
        <line num="56" count="38" type="cond" truecount="0" falsecount="1"/>
        <line num="57" count="0" type="stmt"/>
        <line num="58" count="0" type="stmt"/>
        <line num="59" count="0" type="stmt"/>
        <line num="60" count="0" type="stmt"/>
        <line num="61" count="0" type="stmt"/>
        <line num="62" count="38" type="stmt"/>
        <line num="63" count="1" type="stmt"/>
        <line num="64" count="1" type="stmt"/>
        <line num="65" count="1" type="stmt"/>
        <line num="66" count="0" type="stmt"/>
        <line num="67" count="0" type="stmt"/>
        <line num="68" count="0" type="stmt"/>
        <line num="69" count="0" type="stmt"/>
        <line num="70" count="0" type="stmt"/>
        <line num="71" count="0" type="stmt"/>
        <line num="72" count="0" type="stmt"/>
        <line num="73" count="0" type="stmt"/>
        <line num="74" count="0" type="stmt"/>
        <line num="75" count="1" type="stmt"/>
        <line num="76" count="1" type="cond" truecount="1" falsecount="0"/>
        <line num="77" count="6" type="stmt"/>
        <line num="78" count="6" type="stmt"/>
        <line num="79" count="1" type="stmt"/>
        <line num="80" count="1" type="stmt"/>
        <line num="81" count="1" type="stmt"/>
        <line num="82" count="1" type="stmt"/>
        <line num="83" count="1" type="stmt"/>
        <line num="84" count="1" type="stmt"/>
        <line num="85" count="1" type="stmt"/>
        <line num="86" count="1" type="stmt"/>
        <line num="87" count="1" type="cond" truecount="1" falsecount="0"/>
        <line num="88" count="76" type="stmt"/>
        <line num="89" count="76" type="stmt"/>
        <line num="90" count="76" type="stmt"/>
        <line num="91" count="76" type="stmt"/>
        <line num="92" count="76" type="stmt"/>
        <line num="93" count="76" type="stmt"/>
        <line num="94" count="76" type="stmt"/>
        <line num="95" count="76" type="stmt"/>
        <line num="96" count="76" type="stmt"/>
        <line num="97" count="76" type="stmt"/>
        <line num="98" count="76" type="cond" truecount="1" falsecount="0"/>
        <line num="99" count="76" type="stmt"/>
        <line num="100" count="76" type="stmt"/>
        <line num="101" count="76" type="stmt"/>
        <line num="102" count="76" type="stmt"/>
        <line num="103" count="76" type="stmt"/>
        <line num="104" count="76" type="stmt"/>
        <line num="105" count="76" type="stmt"/>
        <line num="106" count="76" type="stmt"/>
        <line num="107" count="76" type="stmt"/>
        <line num="108" count="76" type="stmt"/>
        <line num="109" count="76" type="stmt"/>
        <line num="110" count="76" type="stmt"/>
        <line num="111" count="76" type="stmt"/>
        <line num="112" count="76" type="stmt"/>
        <line num="113" count="76" type="stmt"/>
        <line num="114" count="76" type="stmt"/>
        <line num="115" count="76" type="stmt"/>
        <line num="116" count="76" type="stmt"/>
        <line num="117" count="76" type="stmt"/>
        <line num="118" count="76" type="stmt"/>
        <line num="119" count="76" type="stmt"/>
        <line num="120" count="76" type="stmt"/>
        <line num="121" count="76" type="stmt"/>
        <line num="122" count="76" type="stmt"/>
        <line num="123" count="76" type="stmt"/>
        <line num="124" count="76" type="stmt"/>
        <line num="125" count="76" type="stmt"/>
        <line num="126" count="76" type="stmt"/>
        <line num="127" count="76" type="stmt"/>
        <line num="128" count="76" type="stmt"/>
        <line num="129" count="76" type="stmt"/>
        <line num="130" count="76" type="stmt"/>
        <line num="131" count="76" type="stmt"/>
        <line num="132" count="76" type="stmt"/>
        <line num="133" count="76" type="stmt"/>
        <line num="134" count="76" type="stmt"/>
        <line num="135" count="76" type="stmt"/>
        <line num="136" count="76" type="stmt"/>
        <line num="137" count="76" type="stmt"/>
        <line num="138" count="1" type="stmt"/>
        <line num="139" count="1" type="stmt"/>
        <line num="140" count="1" type="stmt"/>
        <line num="141" count="1" type="stmt"/>
        <line num="142" count="1" type="stmt"/>
        <line num="143" count="1" type="stmt"/>
        <line num="144" count="1" type="stmt"/>
        <line num="145" count="1" type="stmt"/>
        <line num="146" count="1" type="stmt"/>
        <line num="147" count="1" type="cond" truecount="1" falsecount="0"/>
        <line num="148" count="720" type="stmt"/>
        <line num="149" count="720" type="stmt"/>
        <line num="150" count="1" type="stmt"/>
        <line num="151" count="1" type="stmt"/>
        <line num="152" count="1" type="stmt"/>
        <line num="153" count="1" type="stmt"/>
      </file>
    </package>
    <package name="src.components.Navbar">
      <metrics statements="70" coveredstatements="42" conditionals="2" coveredconditionals="1" methods="2" coveredmethods="0"/>
      <file name="Navbar.jsx" path="/Users/azizjalel/NUProjects/src/components/Navbar/Navbar.jsx">
        <metrics statements="70" coveredstatements="42" conditionals="2" coveredconditionals="1" methods="2" coveredmethods="0"/>
        <line num="1" count="1" type="stmt"/>
        <line num="2" count="1" type="stmt"/>
        <line num="3" count="1" type="stmt"/>
        <line num="4" count="1" type="stmt"/>
        <line num="5" count="1" type="stmt"/>
        <line num="6" count="1" type="stmt"/>
        <line num="7" count="1" type="stmt"/>
        <line num="8" count="1" type="stmt"/>
        <line num="9" count="1" type="stmt"/>
        <line num="10" count="1" type="stmt"/>
        <line num="11" count="1" type="stmt"/>
        <line num="12" count="1" type="stmt"/>
        <line num="13" count="0" type="stmt"/>
        <line num="14" count="0" type="stmt"/>
        <line num="15" count="0" type="stmt"/>
        <line num="16" count="1" type="stmt"/>
        <line num="17" count="1" type="stmt"/>
        <line num="18" count="0" type="stmt"/>
        <line num="19" count="0" type="stmt"/>
        <line num="20" count="0" type="stmt"/>
        <line num="21" count="1" type="stmt"/>
        <line num="22" count="1" type="stmt"/>
        <line num="23" count="1" type="stmt"/>
        <line num="24" count="1" type="stmt"/>
        <line num="25" count="1" type="stmt"/>
        <line num="26" count="1" type="stmt"/>
        <line num="27" count="1" type="stmt"/>
        <line num="28" count="1" type="stmt"/>
        <line num="29" count="1" type="stmt"/>
        <line num="30" count="1" type="stmt"/>
        <line num="31" count="1" type="stmt"/>
        <line num="32" count="1" type="stmt"/>
        <line num="33" count="1" type="stmt"/>
        <line num="34" count="1" type="stmt"/>
        <line num="35" count="1" type="stmt"/>
        <line num="36" count="1" type="stmt"/>
        <line num="37" count="1" type="stmt"/>
        <line num="38" count="1" type="stmt"/>
        <line num="39" count="1" type="cond" truecount="1" falsecount="0"/>
        <line num="40" count="12" type="cond" truecount="0" falsecount="1"/>
        <line num="41" count="0" type="stmt"/>
        <line num="42" count="0" type="stmt"/>
        <line num="43" count="0" type="stmt"/>
        <line num="44" count="0" type="stmt"/>
        <line num="45" count="0" type="stmt"/>
        <line num="46" count="0" type="stmt"/>
        <line num="47" count="0" type="stmt"/>
        <line num="48" count="0" type="stmt"/>
        <line num="49" count="0" type="stmt"/>
        <line num="50" count="0" type="stmt"/>
        <line num="51" count="0" type="stmt"/>
        <line num="52" count="0" type="stmt"/>
        <line num="53" count="0" type="stmt"/>
        <line num="54" count="0" type="stmt"/>
        <line num="55" count="0" type="stmt"/>
        <line num="56" count="0" type="stmt"/>
        <line num="57" count="0" type="stmt"/>
        <line num="58" count="0" type="stmt"/>
        <line num="59" count="0" type="stmt"/>
        <line num="60" count="0" type="stmt"/>
        <line num="61" count="0" type="stmt"/>
        <line num="62" count="0" type="stmt"/>
        <line num="63" count="1" type="stmt"/>
        <line num="64" count="1" type="stmt"/>
        <line num="65" count="1" type="stmt"/>
        <line num="66" count="1" type="stmt"/>
        <line num="67" count="1" type="stmt"/>
        <line num="68" count="1" type="stmt"/>
        <line num="69" count="1" type="stmt"/>
        <line num="70" count="1" type="stmt"/>
      </file>
    </package>
    <package name="src.components.Profile">
      <metrics statements="34" coveredstatements="17" conditionals="2" coveredconditionals="1" methods="1" coveredmethods="1"/>
      <file name="Profile.jsx" path="/Users/azizjalel/NUProjects/src/components/Profile/Profile.jsx">
        <metrics statements="34" coveredstatements="17" conditionals="2" coveredconditionals="1" methods="1" coveredmethods="1"/>
        <line num="1" count="1" type="stmt"/>
        <line num="2" count="1" type="stmt"/>
        <line num="3" count="1" type="stmt"/>
        <line num="4" count="1" type="stmt"/>
        <line num="5" count="1" type="stmt"/>
        <line num="6" count="1" type="cond" truecount="1" falsecount="0"/>
        <line num="7" count="2" type="stmt"/>
        <line num="8" count="2" type="stmt"/>
        <line num="9" count="2" type="stmt"/>
        <line num="10" count="2" type="stmt"/>
        <line num="11" count="2" type="stmt"/>
        <line num="12" count="2" type="stmt"/>
        <line num="13" count="2" type="stmt"/>
        <line num="14" count="2" type="stmt"/>
        <line num="15" count="2" type="cond" truecount="0" falsecount="1"/>
        <line num="16" count="0" type="stmt"/>
        <line num="17" count="0" type="stmt"/>
        <line num="18" count="0" type="stmt"/>
        <line num="19" count="0" type="stmt"/>
        <line num="20" count="0" type="stmt"/>
        <line num="21" count="0" type="stmt"/>
        <line num="22" count="0" type="stmt"/>
        <line num="23" count="0" type="stmt"/>
        <line num="24" count="0" type="stmt"/>
        <line num="25" count="0" type="stmt"/>
        <line num="26" count="0" type="stmt"/>
        <line num="27" count="0" type="stmt"/>
        <line num="28" count="0" type="stmt"/>
        <line num="29" count="0" type="stmt"/>
        <line num="30" count="0" type="stmt"/>
        <line num="31" count="0" type="stmt"/>
        <line num="32" count="0" type="stmt"/>
        <line num="33" count="1" type="stmt"/>
        <line num="34" count="1" type="stmt"/>
      </file>
    </package>
    <package name="src.components.SavedPage">
      <metrics statements="32" coveredstatements="11" conditionals="2" coveredconditionals="0" methods="0" coveredmethods="0"/>
      <file name="SavedPage.jsx" path="/Users/azizjalel/NUProjects/src/components/SavedPage/SavedPage.jsx">
        <metrics statements="32" coveredstatements="11" conditionals="2" coveredconditionals="0" methods="0" coveredmethods="0"/>
        <line num="1" count="1" type="stmt"/>
        <line num="2" count="1" type="stmt"/>
        <line num="3" count="1" type="stmt"/>
        <line num="4" count="1" type="stmt"/>
        <line num="5" count="1" type="stmt"/>
        <line num="6" count="1" type="stmt"/>
        <line num="7" count="1" type="stmt"/>
        <line num="8" count="1" type="stmt"/>
        <line num="9" count="1" type="stmt"/>
        <line num="10" count="1" type="stmt"/>
        <line num="11" count="1" type="cond" truecount="0" falsecount="2"/>
        <line num="12" count="0" type="stmt"/>
        <line num="13" count="0" type="stmt"/>
        <line num="14" count="0" type="stmt"/>
        <line num="15" count="0" type="stmt"/>
        <line num="16" count="0" type="stmt"/>
        <line num="17" count="0" type="stmt"/>
        <line num="18" count="0" type="stmt"/>
        <line num="19" count="0" type="stmt"/>
        <line num="20" count="0" type="stmt"/>
        <line num="21" count="0" type="stmt"/>
        <line num="22" count="0" type="stmt"/>
        <line num="23" count="0" type="stmt"/>
        <line num="24" count="0" type="stmt"/>
        <line num="25" count="0" type="stmt"/>
        <line num="26" count="0" type="stmt"/>
        <line num="27" count="0" type="stmt"/>
        <line num="28" count="0" type="stmt"/>
        <line num="29" count="0" type="stmt"/>
        <line num="30" count="0" type="stmt"/>
        <line num="31" count="0" type="stmt"/>
        <line num="32" count="0" type="stmt"/>
      </file>
    </package>
    <package name="src.components.ViewModal">
      <metrics statements="183" coveredstatements="142" conditionals="18" coveredconditionals="4" methods="4" coveredmethods="1"/>
      <file name="ViewModal.jsx" path="/Users/azizjalel/NUProjects/src/components/ViewModal/ViewModal.jsx">
        <metrics statements="183" coveredstatements="142" conditionals="18" coveredconditionals="4" methods="4" coveredmethods="1"/>
        <line num="1" count="1" type="stmt"/>
        <line num="2" count="1" type="stmt"/>
        <line num="3" count="1" type="stmt"/>
        <line num="4" count="1" type="stmt"/>
        <line num="5" count="1" type="stmt"/>
        <line num="6" count="1" type="stmt"/>
        <line num="7" count="1" type="stmt"/>
        <line num="8" count="1" type="stmt"/>
        <line num="9" count="1" type="stmt"/>
        <line num="10" count="1" type="stmt"/>
        <line num="11" count="1" type="cond" truecount="1" falsecount="0"/>
        <line num="12" count="784" type="stmt"/>
        <line num="13" count="784" type="stmt"/>
        <line num="14" count="784" type="cond" truecount="0" falsecount="2"/>
        <line num="15" count="0" type="stmt"/>
        <line num="16" count="784" type="stmt"/>
        <line num="17" count="784" type="stmt"/>
        <line num="18" count="784" type="stmt"/>
        <line num="19" count="784" type="cond" truecount="0" falsecount="2"/>
        <line num="20" count="0" type="stmt"/>
        <line num="21" count="784" type="stmt"/>
        <line num="22" count="784" type="stmt"/>
        <line num="23" count="784" type="stmt"/>
        <line num="24" count="784" type="stmt"/>
        <line num="25" count="0" type="stmt"/>
        <line num="26" count="0" type="stmt"/>
        <line num="27" count="0" type="stmt"/>
        <line num="28" count="0" type="stmt"/>
        <line num="29" count="0" type="stmt"/>
        <line num="30" count="0" type="stmt"/>
        <line num="31" count="0" type="stmt"/>
        <line num="32" count="0" type="stmt"/>
        <line num="33" count="0" type="stmt"/>
        <line num="34" count="0" type="stmt"/>
        <line num="35" count="0" type="stmt"/>
        <line num="36" count="784" type="stmt"/>
        <line num="37" count="784" type="stmt"/>
        <line num="38" count="0" type="stmt"/>
        <line num="39" count="0" type="stmt"/>
        <line num="40" count="0" type="stmt"/>
        <line num="41" count="0" type="stmt"/>
        <line num="42" count="0" type="stmt"/>
        <line num="43" count="0" type="stmt"/>
        <line num="44" count="0" type="stmt"/>
        <line num="45" count="0" type="stmt"/>
        <line num="46" count="0" type="stmt"/>
        <line num="47" count="0" type="stmt"/>
        <line num="48" count="0" type="stmt"/>
        <line num="49" count="0" type="stmt"/>
        <line num="50" count="0" type="stmt"/>
        <line num="51" count="784" type="stmt"/>
        <line num="52" count="784" type="stmt"/>
        <line num="53" count="0" type="stmt"/>
        <line num="54" count="0" type="stmt"/>
        <line num="55" count="0" type="stmt"/>
        <line num="56" count="0" type="stmt"/>
        <line num="57" count="0" type="stmt"/>
        <line num="58" count="0" type="stmt"/>
        <line num="59" count="0" type="stmt"/>
        <line num="60" count="0" type="stmt"/>
        <line num="61" count="0" type="stmt"/>
        <line num="62" count="0" type="stmt"/>
        <line num="63" count="0" type="stmt"/>
        <line num="64" count="784" type="stmt"/>
        <line num="65" count="784" type="stmt"/>
        <line num="66" count="784" type="stmt"/>
        <line num="67" count="784" type="stmt"/>
        <line num="68" count="784" type="stmt"/>
        <line num="69" count="784" type="cond" truecount="0" falsecount="1"/>
        <line num="70" count="0" type="stmt"/>
        <line num="71" count="784" type="stmt"/>
        <line num="72" count="784" type="stmt"/>
        <line num="73" count="784" type="stmt"/>
        <line num="74" count="784" type="stmt"/>
        <line num="75" count="784" type="stmt"/>
        <line num="76" count="784" type="stmt"/>
        <line num="77" count="784" type="stmt"/>
        <line num="78" count="784" type="stmt"/>
        <line num="79" count="784" type="stmt"/>
        <line num="80" count="784" type="stmt"/>
        <line num="81" count="784" type="stmt"/>
        <line num="82" count="784" type="cond" truecount="0" falsecount="1"/>
        <line num="83" count="784" type="stmt"/>
        <line num="84" count="784" type="stmt"/>
        <line num="85" count="784" type="cond" truecount="1" falsecount="0"/>
        <line num="86" count="784" type="stmt"/>
        <line num="87" count="784" type="stmt"/>
        <line num="88" count="784" type="stmt"/>
        <line num="89" count="784" type="stmt"/>
        <line num="90" count="784" type="cond" truecount="0" falsecount="1"/>
        <line num="91" count="784" type="stmt"/>
        <line num="92" count="784" type="stmt"/>
        <line num="93" count="784" type="cond" truecount="0" falsecount="1"/>
        <line num="94" count="784" type="stmt"/>
        <line num="95" count="784" type="stmt"/>
        <line num="96" count="784" type="stmt"/>
        <line num="97" count="784" type="stmt"/>
        <line num="98" count="784" type="cond" truecount="0" falsecount="1"/>
        <line num="99" count="784" type="stmt"/>
        <line num="100" count="784" type="stmt"/>
        <line num="101" count="784" type="cond" truecount="0" falsecount="1"/>
        <line num="102" count="784" type="stmt"/>
        <line num="103" count="784" type="stmt"/>
        <line num="104" count="784" type="stmt"/>
        <line num="105" count="784" type="stmt"/>
        <line num="106" count="784" type="cond" truecount="0" falsecount="1"/>
        <line num="107" count="784" type="stmt"/>
        <line num="108" count="784" type="stmt"/>
        <line num="109" count="784" type="cond" truecount="0" falsecount="1"/>
        <line num="110" count="784" type="stmt"/>
        <line num="111" count="784" type="stmt"/>
        <line num="112" count="784" type="stmt"/>
        <line num="113" count="784" type="stmt"/>
        <line num="114" count="784" type="cond" truecount="0" falsecount="1"/>
        <line num="115" count="784" type="stmt"/>
        <line num="116" count="784" type="stmt"/>
        <line num="117" count="784" type="stmt"/>
        <line num="118" count="784" type="cond" truecount="1" falsecount="0"/>
        <line num="119" count="1678" type="stmt"/>
        <line num="120" count="1678" type="stmt"/>
        <line num="121" count="1678" type="stmt"/>
        <line num="122" count="1678" type="stmt"/>
        <line num="123" count="1678" type="stmt"/>
        <line num="124" count="1678" type="stmt"/>
        <line num="125" count="784" type="stmt"/>
        <line num="126" count="784" type="stmt"/>
        <line num="127" count="784" type="stmt"/>
        <line num="128" count="784" type="stmt"/>
        <line num="129" count="784" type="cond" truecount="1" falsecount="0"/>
        <line num="130" count="880" type="stmt"/>
        <line num="131" count="880" type="stmt"/>
        <line num="132" count="880" type="stmt"/>
        <line num="133" count="880" type="stmt"/>
        <line num="134" count="880" type="stmt"/>
        <line num="135" count="880" type="stmt"/>
        <line num="136" count="784" type="stmt"/>
        <line num="137" count="784" type="stmt"/>
        <line num="138" count="784" type="stmt"/>
        <line num="139" count="784" type="stmt"/>
        <line num="140" count="784" type="stmt"/>
        <line num="141" count="784" type="stmt"/>
        <line num="142" count="784" type="stmt"/>
        <line num="143" count="784" type="stmt"/>
        <line num="144" count="784" type="stmt"/>
        <line num="145" count="784" type="cond" truecount="0" falsecount="1"/>
        <line num="146" count="0" type="stmt"/>
        <line num="147" count="0" type="stmt"/>
        <line num="148" count="0" type="stmt"/>
        <line num="149" count="784" type="stmt"/>
        <line num="150" count="784" type="stmt"/>
        <line num="151" count="784" type="stmt"/>
        <line num="152" count="784" type="stmt"/>
        <line num="153" count="784" type="stmt"/>
        <line num="154" count="784" type="stmt"/>
        <line num="155" count="784" type="stmt"/>
        <line num="156" count="784" type="stmt"/>
        <line num="157" count="784" type="stmt"/>
        <line num="158" count="784" type="stmt"/>
        <line num="159" count="784" type="stmt"/>
        <line num="160" count="784" type="stmt"/>
        <line num="161" count="784" type="stmt"/>
        <line num="162" count="784" type="stmt"/>
        <line num="163" count="784" type="stmt"/>
        <line num="164" count="784" type="stmt"/>
        <line num="165" count="784" type="stmt"/>
        <line num="166" count="784" type="stmt"/>
        <line num="167" count="784" type="stmt"/>
        <line num="168" count="784" type="stmt"/>
        <line num="169" count="784" type="stmt"/>
        <line num="170" count="784" type="stmt"/>
        <line num="171" count="784" type="stmt"/>
        <line num="172" count="784" type="stmt"/>
        <line num="173" count="784" type="stmt"/>
        <line num="174" count="784" type="stmt"/>
        <line num="175" count="1" type="stmt"/>
        <line num="176" count="1" type="stmt"/>
        <line num="177" count="1" type="stmt"/>
        <line num="178" count="1" type="stmt"/>
        <line num="179" count="1" type="stmt"/>
        <line num="180" count="1" type="stmt"/>
        <line num="181" count="1" type="stmt"/>
        <line num="182" count="1" type="stmt"/>
        <line num="183" count="1" type="stmt"/>
      </file>
    </package>
    <package name="src.context">
      <metrics statements="41" coveredstatements="24" conditionals="3" coveredconditionals="3" methods="4" coveredmethods="2"/>
      <file name="UserContext.jsx" path="/Users/azizjalel/NUProjects/src/context/UserContext.jsx">
        <metrics statements="41" coveredstatements="24" conditionals="3" coveredconditionals="3" methods="4" coveredmethods="2"/>
        <line num="1" count="1" type="stmt"/>
        <line num="2" count="1" type="stmt"/>
        <line num="3" count="1" type="stmt"/>
        <line num="4" count="1" type="stmt"/>
        <line num="5" count="1" type="stmt"/>
        <line num="6" count="1" type="stmt"/>
        <line num="7" count="1" type="cond" truecount="1" falsecount="0"/>
        <line num="8" count="3" type="stmt"/>
        <line num="9" count="3" type="stmt"/>
        <line num="10" count="3" type="stmt"/>
        <line num="11" count="0" type="stmt"/>
        <line num="12" count="0" type="stmt"/>
        <line num="13" count="0" type="stmt"/>
        <line num="14" count="0" type="stmt"/>
        <line num="15" count="0" type="stmt"/>
        <line num="16" count="0" type="stmt"/>
        <line num="17" count="0" type="stmt"/>
        <line num="18" count="0" type="stmt"/>
        <line num="19" count="0" type="stmt"/>
        <line num="20" count="0" type="stmt"/>
        <line num="21" count="0" type="stmt"/>
        <line num="22" count="0" type="stmt"/>
        <line num="23" count="0" type="stmt"/>
        <line num="24" count="0" type="stmt"/>
        <line num="25" count="3" type="stmt"/>
        <line num="26" count="3" type="stmt"/>
        <line num="27" count="3" type="stmt"/>
        <line num="28" count="0" type="stmt"/>
        <line num="29" count="0" type="stmt"/>
        <line num="30" count="0" type="stmt"/>
        <line num="31" count="3" type="stmt"/>
        <line num="32" count="3" type="stmt"/>
        <line num="33" count="3" type="cond" truecount="1" falsecount="0"/>
        <line num="34" count="2" type="stmt"/>
        <line num="35" count="2" type="stmt"/>
        <line num="36" count="2" type="stmt"/>
        <line num="37" count="3" type="stmt"/>
        <line num="38" count="3" type="stmt"/>
        <line num="39" count="3" type="stmt"/>
        <line num="40" count="3" type="stmt"/>
        <line num="41" count="3" type="cond" truecount="1" falsecount="0"/>
      </file>
    </package>
    <package name="src.hooks">
      <metrics statements="17" coveredstatements="15" conditionals="2" coveredconditionals="2" methods="3" coveredmethods="2"/>
      <file name="useAuth.js" path="/Users/azizjalel/NUProjects/src/hooks/useAuth.js">
        <metrics statements="6" coveredstatements="4" conditionals="0" coveredconditionals="0" methods="1" coveredmethods="0"/>
        <line num="1" count="1" type="stmt"/>
        <line num="2" count="1" type="stmt"/>
        <line num="3" count="1" type="stmt"/>
        <line num="4" count="1" type="stmt"/>
        <line num="5" count="0" type="stmt"/>
        <line num="6" count="0" type="stmt"/>
      </file>
      <file name="useInput.js" path="/Users/azizjalel/NUProjects/src/hooks/useInput.js">
        <metrics statements="11" coveredstatements="11" conditionals="2" coveredconditionals="2" methods="2" coveredmethods="2"/>
        <line num="1" count="1" type="stmt"/>
        <line num="2" count="1" type="stmt"/>
        <line num="3" count="1" type="cond" truecount="1" falsecount="0"/>
        <line num="4" count="846" type="stmt"/>
        <line num="5" count="846" type="stmt"/>
        <line num="6" count="846" type="cond" truecount="1" falsecount="0"/>
        <line num="7" count="6" type="stmt"/>
        <line num="8" count="6" type="stmt"/>
        <line num="9" count="846" type="stmt"/>
        <line num="10" count="846" type="stmt"/>
        <line num="11" count="846" type="stmt"/>
      </file>
    </package>
    <package name="src.utilities">
      <metrics statements="165" coveredstatements="61" conditionals="0" coveredconditionals="0" methods="9" coveredmethods="0"/>
      <file name="firebase.js" path="/Users/azizjalel/NUProjects/src/utilities/firebase.js">
        <metrics statements="165" coveredstatements="61" conditionals="0" coveredconditionals="0" methods="9" coveredmethods="0"/>
        <line num="1" count="1" type="stmt"/>
        <line num="2" count="1" type="stmt"/>
        <line num="3" count="1" type="stmt"/>
        <line num="4" count="1" type="stmt"/>
        <line num="5" count="1" type="stmt"/>
        <line num="6" count="1" type="stmt"/>
        <line num="7" count="1" type="stmt"/>
        <line num="8" count="1" type="stmt"/>
        <line num="9" count="1" type="stmt"/>
        <line num="10" count="1" type="stmt"/>
        <line num="11" count="1" type="stmt"/>
        <line num="12" count="1" type="stmt"/>
        <line num="13" count="1" type="stmt"/>
        <line num="14" count="1" type="stmt"/>
        <line num="15" count="1" type="stmt"/>
        <line num="16" count="1" type="stmt"/>
        <line num="17" count="1" type="stmt"/>
        <line num="18" count="1" type="stmt"/>
        <line num="19" count="1" type="stmt"/>
        <line num="20" count="1" type="stmt"/>
        <line num="21" count="1" type="stmt"/>
        <line num="22" count="1" type="stmt"/>
        <line num="23" count="1" type="stmt"/>
        <line num="24" count="1" type="stmt"/>
        <line num="25" count="1" type="stmt"/>
        <line num="26" count="1" type="stmt"/>
        <line num="27" count="1" type="stmt"/>
        <line num="28" count="1" type="stmt"/>
        <line num="29" count="1" type="stmt"/>
        <line num="30" count="1" type="stmt"/>
        <line num="31" count="1" type="stmt"/>
        <line num="32" count="1" type="stmt"/>
        <line num="33" count="1" type="stmt"/>
        <line num="34" count="1" type="stmt"/>
        <line num="35" count="1" type="stmt"/>
        <line num="36" count="1" type="stmt"/>
        <line num="37" count="1" type="stmt"/>
        <line num="38" count="1" type="stmt"/>
        <line num="39" count="1" type="stmt"/>
        <line num="40" count="1" type="stmt"/>
        <line num="41" count="1" type="stmt"/>
        <line num="42" count="0" type="stmt"/>
        <line num="43" count="0" type="stmt"/>
        <line num="44" count="0" type="stmt"/>
        <line num="45" count="0" type="stmt"/>
        <line num="46" count="0" type="stmt"/>
        <line num="47" count="0" type="stmt"/>
        <line num="48" count="0" type="stmt"/>
        <line num="49" count="0" type="stmt"/>
        <line num="50" count="0" type="stmt"/>
        <line num="51" count="0" type="stmt"/>
        <line num="52" count="0" type="stmt"/>
        <line num="53" count="0" type="stmt"/>
        <line num="54" count="1" type="stmt"/>
        <line num="55" count="1" type="stmt"/>
        <line num="56" count="0" type="stmt"/>
        <line num="57" count="0" type="stmt"/>
        <line num="58" count="0" type="stmt"/>
        <line num="59" count="0" type="stmt"/>
        <line num="60" count="0" type="stmt"/>
        <line num="61" count="0" type="stmt"/>
        <line num="62" count="0" type="stmt"/>
        <line num="63" count="0" type="stmt"/>
        <line num="64" count="0" type="stmt"/>
        <line num="65" count="0" type="stmt"/>
        <line num="66" count="0" type="stmt"/>
        <line num="67" count="0" type="stmt"/>
        <line num="68" count="0" type="stmt"/>
        <line num="69" count="0" type="stmt"/>
        <line num="70" count="0" type="stmt"/>
        <line num="71" count="0" type="stmt"/>
        <line num="72" count="0" type="stmt"/>
        <line num="73" count="0" type="stmt"/>
        <line num="74" count="0" type="stmt"/>
        <line num="75" count="1" type="stmt"/>
        <line num="76" count="1" type="stmt"/>
        <line num="77" count="0" type="stmt"/>
        <line num="78" count="0" type="stmt"/>
        <line num="79" count="0" type="stmt"/>
        <line num="80" count="0" type="stmt"/>
        <line num="81" count="0" type="stmt"/>
        <line num="82" count="1" type="stmt"/>
        <line num="83" count="1" type="stmt"/>
        <line num="84" count="0" type="stmt"/>
        <line num="85" count="0" type="stmt"/>
        <line num="86" count="0" type="stmt"/>
        <line num="87" count="1" type="stmt"/>
        <line num="88" count="1" type="stmt"/>
        <line num="89" count="0" type="stmt"/>
        <line num="90" count="0" type="stmt"/>
        <line num="91" count="0" type="stmt"/>
        <line num="92" count="0" type="stmt"/>
        <line num="93" count="0" type="stmt"/>
        <line num="94" count="1" type="stmt"/>
        <line num="95" count="1" type="stmt"/>
        <line num="96" count="0" type="stmt"/>
        <line num="97" count="0" type="stmt"/>
        <line num="98" count="0" type="stmt"/>
        <line num="99" count="0" type="stmt"/>
        <line num="100" count="0" type="stmt"/>
        <line num="101" count="0" type="stmt"/>
        <line num="102" count="0" type="stmt"/>
        <line num="103" count="0" type="stmt"/>
        <line num="104" count="0" type="stmt"/>
        <line num="105" count="0" type="stmt"/>
        <line num="106" count="0" type="stmt"/>
        <line num="107" count="0" type="stmt"/>
        <line num="108" count="0" type="stmt"/>
        <line num="109" count="0" type="stmt"/>
        <line num="110" count="0" type="stmt"/>
        <line num="111" count="0" type="stmt"/>
        <line num="112" count="0" type="stmt"/>
        <line num="113" count="0" type="stmt"/>
        <line num="114" count="0" type="stmt"/>
        <line num="115" count="0" type="stmt"/>
        <line num="116" count="1" type="stmt"/>
        <line num="117" count="1" type="stmt"/>
        <line num="118" count="1" type="stmt"/>
        <line num="119" count="1" type="stmt"/>
        <line num="120" count="1" type="stmt"/>
        <line num="121" count="0" type="stmt"/>
        <line num="122" count="0" type="stmt"/>
        <line num="123" count="0" type="stmt"/>
        <line num="124" count="0" type="stmt"/>
        <line num="125" count="0" type="stmt"/>
        <line num="126" count="0" type="stmt"/>
        <line num="127" count="0" type="stmt"/>
        <line num="128" count="0" type="stmt"/>
        <line num="129" count="0" type="stmt"/>
        <line num="130" count="0" type="stmt"/>
        <line num="131" count="0" type="stmt"/>
        <line num="132" count="0" type="stmt"/>
        <line num="133" count="0" type="stmt"/>
        <line num="134" count="0" type="stmt"/>
        <line num="135" count="0" type="stmt"/>
        <line num="136" count="0" type="stmt"/>
        <line num="137" count="0" type="stmt"/>
        <line num="138" count="0" type="stmt"/>
        <line num="139" count="0" type="stmt"/>
        <line num="140" count="0" type="stmt"/>
        <line num="141" count="1" type="stmt"/>
        <line num="142" count="1" type="stmt"/>
        <line num="143" count="1" type="stmt"/>
        <line num="144" count="0" type="stmt"/>
        <line num="145" count="0" type="stmt"/>
        <line num="146" count="0" type="stmt"/>
        <line num="147" count="0" type="stmt"/>
        <line num="148" count="0" type="stmt"/>
        <line num="149" count="0" type="stmt"/>
        <line num="150" count="0" type="stmt"/>
        <line num="151" count="0" type="stmt"/>
        <line num="152" count="0" type="stmt"/>
        <line num="153" count="0" type="stmt"/>
        <line num="154" count="0" type="stmt"/>
        <line num="155" count="0" type="stmt"/>
        <line num="156" count="0" type="stmt"/>
        <line num="157" count="0" type="stmt"/>
        <line num="158" count="0" type="stmt"/>
        <line num="159" count="0" type="stmt"/>
        <line num="160" count="0" type="stmt"/>
        <line num="161" count="0" type="stmt"/>
        <line num="162" count="0" type="stmt"/>
        <line num="163" count="0" type="stmt"/>
        <line num="164" count="1" type="stmt"/>
        <line num="165" count="1" type="stmt"/>
      </file>
    </package>
  </project>
</coverage>
