<?xml version="1.0" encoding="UTF-8"?>
<coverage generated="1678824934860" clover="3.2.0">
  <project timestamp="1678824934860" name="All files">
    <metrics statements="922" coveredstatements="645" conditionals="47" coveredconditionals="27" methods="32" coveredmethods="7" elements="1001" coveredelements="679" complexity="0" loc="922" ncloc="922" packages="7" files="9" classes="9"/>
    <package name="components.AddButton">
      <metrics statements="30" coveredstatements="30" conditionals="1" coveredconditionals="0" methods="1" coveredmethods="0"/>
      <file name="AddButton.jsx" path="/Users/lucywbeck/Workspace/classes/cs394/nuprojects/src/components/AddButton/AddButton.jsx">
        <metrics statements="30" coveredstatements="30" conditionals="1" coveredconditionals="0" methods="1" coveredmethods="0"/>
        <line num="1" count="1" type="stmt"/>
        <line num="2" count="1" type="stmt"/>
        <line num="3" count="1" type="stmt"/>
        <line num="4" count="1" type="stmt"/>
        <line num="5" count="1" type="stmt"/>
        <line num="6" count="1" type="stmt"/>
        <line num="7" count="1" type="stmt"/>
        <line num="8" count="1" type="stmt"/>
        <line num="9" count="1" type="stmt"/>
        <line num="10" count="1" type="stmt"/>
        <line num="11" count="1" type="stmt"/>
        <line num="12" count="1" type="stmt"/>
        <line num="13" count="1" type="stmt"/>
        <line num="14" count="1" type="stmt"/>
        <line num="15" count="1" type="stmt"/>
        <line num="16" count="1" type="stmt"/>
        <line num="17" count="1" type="cond" truecount="0" falsecount="1"/>
        <line num="18" count="1" type="stmt"/>
        <line num="19" count="1" type="stmt"/>
        <line num="20" count="1" type="stmt"/>
        <line num="21" count="1" type="stmt"/>
        <line num="22" count="1" type="stmt"/>
        <line num="23" count="1" type="stmt"/>
        <line num="24" count="1" type="stmt"/>
        <line num="25" count="1" type="stmt"/>
        <line num="26" count="1" type="stmt"/>
        <line num="27" count="1" type="stmt"/>
        <line num="28" count="1" type="stmt"/>
        <line num="29" count="1" type="stmt"/>
        <line num="30" count="1" type="stmt"/>
      </file>
    </package>
    <package name="components.AddModal">
      <metrics statements="286" coveredstatements="202" conditionals="3" coveredconditionals="1" methods="6" coveredmethods="1"/>
      <file name="AddModal.jsx" path="/Users/lucywbeck/Workspace/classes/cs394/nuprojects/src/components/AddModal/AddModal.jsx">
        <metrics statements="286" coveredstatements="202" conditionals="3" coveredconditionals="1" methods="6" coveredmethods="1"/>
        <line num="1" count="1" type="stmt"/>
        <line num="2" count="1" type="stmt"/>
        <line num="3" count="1" type="stmt"/>
        <line num="4" count="1" type="stmt"/>
        <line num="5" count="1" type="stmt"/>
        <line num="6" count="1" type="stmt"/>
        <line num="7" count="1" type="stmt"/>
        <line num="8" count="1" type="stmt"/>
        <line num="9" count="1" type="cond" truecount="1" falsecount="0"/>
        <line num="10" count="58" type="stmt"/>
        <line num="11" count="58" type="stmt"/>
        <line num="12" count="58" type="stmt"/>
        <line num="13" count="58" type="stmt"/>
        <line num="14" count="58" type="stmt"/>
        <line num="15" count="58" type="stmt"/>
        <line num="16" count="58" type="stmt"/>
        <line num="17" count="58" type="stmt"/>
        <line num="18" count="58" type="stmt"/>
        <line num="19" count="58" type="stmt"/>
        <line num="20" count="58" type="stmt"/>
        <line num="21" count="58" type="stmt"/>
        <line num="22" count="58" type="stmt"/>
        <line num="23" count="58" type="stmt"/>
        <line num="24" count="58" type="stmt"/>
        <line num="25" count="58" type="stmt"/>
        <line num="26" count="58" type="stmt"/>
        <line num="27" count="58" type="stmt"/>
        <line num="28" count="0" type="stmt"/>
        <line num="29" count="0" type="stmt"/>
        <line num="30" count="0" type="stmt"/>
        <line num="31" count="0" type="stmt"/>
        <line num="32" count="0" type="stmt"/>
        <line num="33" count="0" type="stmt"/>
        <line num="34" count="0" type="stmt"/>
        <line num="35" count="0" type="stmt"/>
        <line num="36" count="0" type="stmt"/>
        <line num="37" count="0" type="stmt"/>
        <line num="38" count="0" type="stmt"/>
        <line num="39" count="0" type="stmt"/>
        <line num="40" count="58" type="stmt"/>
        <line num="41" count="0" type="stmt"/>
        <line num="42" count="0" type="stmt"/>
        <line num="43" count="0" type="stmt"/>
        <line num="44" count="0" type="stmt"/>
        <line num="45" count="0" type="stmt"/>
        <line num="46" count="0" type="stmt"/>
        <line num="47" count="0" type="stmt"/>
        <line num="48" count="0" type="stmt"/>
        <line num="49" count="0" type="stmt"/>
        <line num="50" count="0" type="stmt"/>
        <line num="51" count="0" type="stmt"/>
        <line num="52" count="0" type="stmt"/>
        <line num="53" count="0" type="stmt"/>
        <line num="54" count="0" type="stmt"/>
        <line num="55" count="0" type="stmt"/>
        <line num="56" count="0" type="stmt"/>
        <line num="57" count="0" type="stmt"/>
        <line num="58" count="0" type="stmt"/>
        <line num="59" count="0" type="stmt"/>
        <line num="60" count="0" type="stmt"/>
        <line num="61" count="0" type="stmt"/>
        <line num="62" count="0" type="stmt"/>
        <line num="63" count="0" type="stmt"/>
        <line num="64" count="0" type="stmt"/>
        <line num="65" count="0" type="stmt"/>
        <line num="66" count="0" type="stmt"/>
        <line num="67" count="0" type="stmt"/>
        <line num="68" count="0" type="stmt"/>
        <line num="69" count="0" type="stmt"/>
        <line num="70" count="0" type="stmt"/>
        <line num="71" count="0" type="stmt"/>
        <line num="72" count="0" type="stmt"/>
        <line num="73" count="0" type="stmt"/>
        <line num="74" count="0" type="stmt"/>
        <line num="75" count="0" type="stmt"/>
        <line num="76" count="0" type="stmt"/>
        <line num="77" count="0" type="stmt"/>
        <line num="78" count="0" type="stmt"/>
        <line num="79" count="0" type="stmt"/>
        <line num="80" count="0" type="stmt"/>
        <line num="81" count="0" type="stmt"/>
        <line num="82" count="0" type="stmt"/>
        <line num="83" count="58" type="stmt"/>
        <line num="84" count="58" type="stmt"/>
        <line num="85" count="0" type="stmt"/>
        <line num="86" count="0" type="stmt"/>
        <line num="87" count="0" type="stmt"/>
        <line num="88" count="0" type="stmt"/>
        <line num="89" count="58" type="stmt"/>
        <line num="90" count="58" type="stmt"/>
        <line num="91" count="0" type="stmt"/>
        <line num="92" count="0" type="stmt"/>
        <line num="93" count="0" type="stmt"/>
        <line num="94" count="0" type="stmt"/>
        <line num="95" count="0" type="stmt"/>
        <line num="96" count="0" type="stmt"/>
        <line num="97" count="0" type="stmt"/>
        <line num="98" count="0" type="stmt"/>
        <line num="99" count="0" type="stmt"/>
        <line num="100" count="58" type="stmt"/>
        <line num="101" count="58" type="stmt"/>
        <line num="102" count="0" type="stmt"/>
        <line num="103" count="0" type="stmt"/>
        <line num="104" count="0" type="stmt"/>
        <line num="105" count="0" type="stmt"/>
        <line num="106" count="0" type="stmt"/>
        <line num="107" count="0" type="stmt"/>
        <line num="108" count="0" type="stmt"/>
        <line num="109" count="0" type="stmt"/>
        <line num="110" count="0" type="stmt"/>
        <line num="111" count="58" type="stmt"/>
        <line num="112" count="58" type="stmt"/>
        <line num="113" count="58" type="stmt"/>
        <line num="114" count="58" type="stmt"/>
        <line num="115" count="58" type="stmt"/>
        <line num="116" count="58" type="stmt"/>
        <line num="117" count="58" type="stmt"/>
        <line num="118" count="58" type="stmt"/>
        <line num="119" count="58" type="stmt"/>
        <line num="120" count="58" type="stmt"/>
        <line num="121" count="58" type="stmt"/>
        <line num="122" count="58" type="stmt"/>
        <line num="123" count="58" type="stmt"/>
        <line num="124" count="58" type="stmt"/>
        <line num="125" count="58" type="stmt"/>
        <line num="126" count="58" type="stmt"/>
        <line num="127" count="58" type="stmt"/>
        <line num="128" count="58" type="stmt"/>
        <line num="129" count="58" type="stmt"/>
        <line num="130" count="58" type="stmt"/>
        <line num="131" count="58" type="stmt"/>
        <line num="132" count="58" type="stmt"/>
        <line num="133" count="58" type="stmt"/>
        <line num="134" count="58" type="stmt"/>
        <line num="135" count="58" type="stmt"/>
        <line num="136" count="58" type="stmt"/>
        <line num="137" count="58" type="stmt"/>
        <line num="138" count="58" type="stmt"/>
        <line num="139" count="58" type="stmt"/>
        <line num="140" count="58" type="stmt"/>
        <line num="141" count="58" type="stmt"/>
        <line num="142" count="58" type="stmt"/>
        <line num="143" count="58" type="stmt"/>
        <line num="144" count="58" type="stmt"/>
        <line num="145" count="58" type="stmt"/>
        <line num="146" count="58" type="stmt"/>
        <line num="147" count="58" type="stmt"/>
        <line num="148" count="58" type="stmt"/>
        <line num="149" count="58" type="stmt"/>
        <line num="150" count="58" type="stmt"/>
        <line num="151" count="58" type="stmt"/>
        <line num="152" count="58" type="stmt"/>
        <line num="153" count="58" type="stmt"/>
        <line num="154" count="58" type="stmt"/>
        <line num="155" count="58" type="stmt"/>
        <line num="156" count="58" type="stmt"/>
        <line num="157" count="58" type="stmt"/>
        <line num="158" count="58" type="stmt"/>
        <line num="159" count="58" type="stmt"/>
        <line num="160" count="58" type="stmt"/>
        <line num="161" count="58" type="stmt"/>
        <line num="162" count="58" type="stmt"/>
        <line num="163" count="58" type="stmt"/>
        <line num="164" count="58" type="stmt"/>
        <line num="165" count="58" type="stmt"/>
        <line num="166" count="58" type="stmt"/>
        <line num="167" count="58" type="stmt"/>
        <line num="168" count="58" type="stmt"/>
        <line num="169" count="58" type="stmt"/>
        <line num="170" count="58" type="stmt"/>
        <line num="171" count="58" type="stmt"/>
        <line num="172" count="58" type="stmt"/>
        <line num="173" count="58" type="stmt"/>
        <line num="174" count="58" type="stmt"/>
        <line num="175" count="58" type="stmt"/>
        <line num="176" count="58" type="stmt"/>
        <line num="177" count="58" type="stmt"/>
        <line num="178" count="58" type="stmt"/>
        <line num="179" count="58" type="stmt"/>
        <line num="180" count="58" type="stmt"/>
        <line num="181" count="58" type="stmt"/>
        <line num="182" count="58" type="stmt"/>
        <line num="183" count="58" type="stmt"/>
        <line num="184" count="58" type="stmt"/>
        <line num="185" count="58" type="stmt"/>
        <line num="186" count="58" type="stmt"/>
        <line num="187" count="58" type="stmt"/>
        <line num="188" count="58" type="stmt"/>
        <line num="189" count="58" type="stmt"/>
        <line num="190" count="58" type="stmt"/>
        <line num="191" count="58" type="stmt"/>
        <line num="192" count="58" type="stmt"/>
        <line num="193" count="58" type="stmt"/>
        <line num="194" count="58" type="stmt"/>
        <line num="195" count="58" type="stmt"/>
        <line num="196" count="58" type="stmt"/>
        <line num="197" count="58" type="stmt"/>
        <line num="198" count="58" type="stmt"/>
        <line num="199" count="58" type="stmt"/>
        <line num="200" count="58" type="stmt"/>
        <line num="201" count="58" type="stmt"/>
        <line num="202" count="58" type="stmt"/>
        <line num="203" count="58" type="stmt"/>
        <line num="204" count="58" type="stmt"/>
        <line num="205" count="58" type="stmt"/>
        <line num="206" count="58" type="stmt"/>
        <line num="207" count="58" type="stmt"/>
        <line num="208" count="58" type="stmt"/>
        <line num="209" count="58" type="stmt"/>
        <line num="210" count="58" type="stmt"/>
        <line num="211" count="58" type="stmt"/>
        <line num="212" count="58" type="stmt"/>
        <line num="213" count="58" type="stmt"/>
        <line num="214" count="58" type="stmt"/>
        <line num="215" count="58" type="stmt"/>
        <line num="216" count="58" type="stmt"/>
        <line num="217" count="58" type="stmt"/>
        <line num="218" count="58" type="stmt"/>
        <line num="219" count="58" type="stmt"/>
        <line num="220" count="58" type="stmt"/>
        <line num="221" count="58" type="stmt"/>
        <line num="222" count="58" type="stmt"/>
        <line num="223" count="58" type="stmt"/>
        <line num="224" count="58" type="stmt"/>
        <line num="225" count="58" type="stmt"/>
        <line num="226" count="58" type="stmt"/>
        <line num="227" count="58" type="stmt"/>
        <line num="228" count="58" type="stmt"/>
        <line num="229" count="58" type="stmt"/>
        <line num="230" count="58" type="stmt"/>
        <line num="231" count="58" type="stmt"/>
        <line num="232" count="58" type="stmt"/>
        <line num="233" count="58" type="stmt"/>
        <line num="234" count="58" type="stmt"/>
        <line num="235" count="58" type="stmt"/>
        <line num="236" count="58" type="stmt"/>
        <line num="237" count="58" type="stmt"/>
        <line num="238" count="58" type="stmt"/>
        <line num="239" count="58" type="stmt"/>
        <line num="240" count="58" type="stmt"/>
        <line num="241" count="58" type="stmt"/>
        <line num="242" count="58" type="stmt"/>
        <line num="243" count="58" type="stmt"/>
        <line num="244" count="58" type="stmt"/>
        <line num="245" count="58" type="stmt"/>
        <line num="246" count="58" type="stmt"/>
        <line num="247" count="58" type="stmt"/>
        <line num="248" count="58" type="stmt"/>
        <line num="249" count="58" type="stmt"/>
        <line num="250" count="58" type="cond" truecount="0" falsecount="1"/>
        <line num="251" count="0" type="stmt"/>
        <line num="252" count="0" type="stmt"/>
        <line num="253" count="0" type="stmt"/>
        <line num="254" count="0" type="stmt"/>
        <line num="255" count="58" type="stmt"/>
        <line num="256" count="58" type="stmt"/>
        <line num="257" count="58" type="stmt"/>
        <line num="258" count="58" type="cond" truecount="0" falsecount="1"/>
        <line num="259" count="0" type="stmt"/>
        <line num="260" count="0" type="stmt"/>
        <line num="261" count="0" type="stmt"/>
        <line num="262" count="0" type="stmt"/>
        <line num="263" count="58" type="stmt"/>
        <line num="264" count="58" type="stmt"/>
        <line num="265" count="58" type="stmt"/>
        <line num="266" count="58" type="stmt"/>
        <line num="267" count="58" type="stmt"/>
        <line num="268" count="58" type="stmt"/>
        <line num="269" count="58" type="stmt"/>
        <line num="270" count="58" type="stmt"/>
        <line num="271" count="58" type="stmt"/>
        <line num="272" count="58" type="stmt"/>
        <line num="273" count="58" type="stmt"/>
        <line num="274" count="58" type="stmt"/>
        <line num="275" count="58" type="stmt"/>
        <line num="276" count="58" type="stmt"/>
        <line num="277" count="58" type="stmt"/>
        <line num="278" count="1" type="stmt"/>
        <line num="279" count="1" type="stmt"/>
        <line num="280" count="1" type="stmt"/>
        <line num="281" count="1" type="stmt"/>
        <line num="282" count="1" type="stmt"/>
        <line num="283" count="1" type="stmt"/>
        <line num="284" count="1" type="stmt"/>
        <line num="285" count="1" type="stmt"/>
        <line num="286" count="1" type="stmt"/>
      </file>
    </package>
    <package name="components.CardPage">
      <metrics statements="205" coveredstatements="187" conditionals="24" coveredconditionals="21" methods="6" coveredmethods="4"/>
      <file name="Card.jsx" path="/Users/lucywbeck/Workspace/classes/cs394/nuprojects/src/components/CardPage/Card.jsx">
        <metrics statements="52" coveredstatements="52" conditionals="3" coveredconditionals="3" methods="1" coveredmethods="1"/>
        <line num="1" count="1" type="stmt"/>
        <line num="2" count="1" type="stmt"/>
        <line num="3" count="1" type="stmt"/>
        <line num="4" count="1" type="stmt"/>
        <line num="5" count="1" type="stmt"/>
        <line num="6" count="1" type="stmt"/>
        <line num="7" count="1" type="stmt"/>
        <line num="8" count="1" type="cond" truecount="1" falsecount="0"/>
        <line num="9" count="1" type="stmt"/>
        <line num="10" count="1" type="stmt"/>
        <line num="11" count="1" type="stmt"/>
        <line num="12" count="1" type="stmt"/>
        <line num="13" count="1" type="stmt"/>
        <line num="14" count="1" type="stmt"/>
        <line num="15" count="1" type="stmt"/>
        <line num="16" count="1" type="stmt"/>
        <line num="17" count="1" type="stmt"/>
        <line num="18" count="1" type="stmt"/>
        <line num="19" count="1" type="stmt"/>
        <line num="20" count="1" type="cond" truecount="1" falsecount="0"/>
        <line num="21" count="1372" type="stmt"/>
        <line num="22" count="1372" type="stmt"/>
        <line num="23" count="1372" type="stmt"/>
        <line num="24" count="1372" type="stmt"/>
        <line num="25" count="1372" type="stmt"/>
        <line num="26" count="1372" type="stmt"/>
        <line num="27" count="1" type="stmt"/>
        <line num="28" count="1" type="stmt"/>
        <line num="29" count="1" type="cond" truecount="1" falsecount="0"/>
        <line num="30" count="718" type="stmt"/>
        <line num="31" count="718" type="stmt"/>
        <line num="32" count="718" type="stmt"/>
        <line num="33" count="718" type="stmt"/>
        <line num="34" count="718" type="stmt"/>
        <line num="35" count="718" type="stmt"/>
        <line num="36" count="1" type="stmt"/>
        <line num="37" count="1" type="stmt"/>
        <line num="38" count="1" type="stmt"/>
        <line num="39" count="1" type="stmt"/>
        <line num="40" count="1" type="stmt"/>
        <line num="41" count="1" type="stmt"/>
        <line num="42" count="1" type="stmt"/>
        <line num="43" count="1" type="stmt"/>
        <line num="44" count="1" type="stmt"/>
        <line num="45" count="1" type="stmt"/>
        <line num="46" count="1" type="stmt"/>
        <line num="47" count="1" type="stmt"/>
        <line num="48" count="1" type="stmt"/>
        <line num="49" count="1" type="stmt"/>
        <line num="50" count="1" type="stmt"/>
        <line num="51" count="1" type="stmt"/>
        <line num="52" count="1" type="stmt"/>
      </file>
      <file name="CardPage.jsx" path="/Users/lucywbeck/Workspace/classes/cs394/nuprojects/src/components/CardPage/CardPage.jsx">
        <metrics statements="153" coveredstatements="135" conditionals="21" coveredconditionals="18" methods="5" coveredmethods="3"/>
        <line num="1" count="1" type="stmt"/>
        <line num="2" count="1" type="stmt"/>
        <line num="3" count="1" type="stmt"/>
        <line num="4" count="1" type="stmt"/>
        <line num="5" count="1" type="stmt"/>
        <line num="6" count="1" type="stmt"/>
        <line num="7" count="1" type="stmt"/>
        <line num="8" count="1" type="stmt"/>
        <line num="9" count="1" type="stmt"/>
        <line num="10" count="1" type="stmt"/>
        <line num="11" count="1" type="stmt"/>
        <line num="12" count="1" type="stmt"/>
        <line num="13" count="1" type="stmt"/>
        <line num="14" count="1" type="stmt"/>
        <line num="15" count="1" type="stmt"/>
        <line num="16" count="1" type="stmt"/>
        <line num="17" count="1" type="stmt"/>
        <line num="18" count="1" type="stmt"/>
        <line num="19" count="1" type="cond" truecount="1" falsecount="0"/>
        <line num="20" count="985" type="cond" truecount="0" falsecount="1"/>
        <line num="21" count="0" type="stmt"/>
        <line num="22" count="0" type="stmt"/>
        <line num="23" count="985" type="stmt"/>
        <line num="24" count="985" type="stmt"/>
        <line num="25" count="1" type="stmt"/>
        <line num="26" count="1" type="stmt"/>
        <line num="27" count="1" type="stmt"/>
        <line num="28" count="1" type="cond" truecount="1" falsecount="0"/>
        <line num="29" count="29" type="cond" truecount="0" falsecount="1"/>
        <line num="30" count="0" type="stmt"/>
        <line num="31" count="0" type="stmt"/>
        <line num="32" count="29" type="cond" truecount="1" falsecount="0"/>
        <line num="33" count="464" type="stmt"/>
        <line num="34" count="464" type="stmt"/>
        <line num="35" count="464" type="stmt"/>
        <line num="36" count="464" type="stmt"/>
        <line num="37" count="464" type="stmt"/>
        <line num="38" count="464" type="cond" truecount="1" falsecount="0"/>
        <line num="39" count="112" type="cond" truecount="1" falsecount="0"/>
        <line num="40" count="110" type="cond" truecount="1" falsecount="0"/>
        <line num="41" count="109" type="cond" truecount="1" falsecount="0"/>
        <line num="42" count="225" type="stmt"/>
        <line num="43" count="109" type="cond" truecount="1" falsecount="0"/>
        <line num="44" count="97" type="cond" truecount="1" falsecount="0"/>
        <line num="45" count="111" type="stmt"/>
        <line num="46" count="97" type="cond" truecount="1" falsecount="0"/>
        <line num="47" count="97" type="cond" truecount="1" falsecount="0"/>
        <line num="48" count="97" type="cond" truecount="1" falsecount="0"/>
        <line num="49" count="97" type="cond" truecount="1" falsecount="0"/>
        <line num="50" count="97" type="cond" truecount="1" falsecount="0"/>
        <line num="51" count="196" type="stmt"/>
        <line num="52" count="97" type="stmt"/>
        <line num="53" count="464" type="stmt"/>
        <line num="54" count="464" type="stmt"/>
        <line num="55" count="29" type="stmt"/>
        <line num="56" count="29" type="cond" truecount="0" falsecount="1"/>
        <line num="57" count="0" type="stmt"/>
        <line num="58" count="0" type="stmt"/>
        <line num="59" count="0" type="stmt"/>
        <line num="60" count="0" type="stmt"/>
        <line num="61" count="0" type="stmt"/>
        <line num="62" count="29" type="stmt"/>
        <line num="63" count="1" type="stmt"/>
        <line num="64" count="1" type="stmt"/>
        <line num="65" count="1" type="stmt"/>
        <line num="66" count="0" type="stmt"/>
        <line num="67" count="0" type="stmt"/>
        <line num="68" count="0" type="stmt"/>
        <line num="69" count="0" type="stmt"/>
        <line num="70" count="0" type="stmt"/>
        <line num="71" count="0" type="stmt"/>
        <line num="72" count="0" type="stmt"/>
        <line num="73" count="0" type="stmt"/>
        <line num="74" count="0" type="stmt"/>
        <line num="75" count="1" type="stmt"/>
        <line num="76" count="1" type="cond" truecount="1" falsecount="0"/>
        <line num="77" count="6" type="stmt"/>
        <line num="78" count="6" type="stmt"/>
        <line num="79" count="1" type="stmt"/>
        <line num="80" count="1" type="stmt"/>
        <line num="81" count="1" type="stmt"/>
        <line num="82" count="1" type="stmt"/>
        <line num="83" count="1" type="stmt"/>
        <line num="84" count="1" type="stmt"/>
        <line num="85" count="1" type="stmt"/>
        <line num="86" count="1" type="stmt"/>
        <line num="87" count="1" type="cond" truecount="1" falsecount="0"/>
        <line num="88" count="58" type="stmt"/>
        <line num="89" count="58" type="stmt"/>
        <line num="90" count="58" type="stmt"/>
        <line num="91" count="58" type="stmt"/>
        <line num="92" count="58" type="stmt"/>
        <line num="93" count="58" type="stmt"/>
        <line num="94" count="58" type="stmt"/>
        <line num="95" count="58" type="stmt"/>
        <line num="96" count="58" type="stmt"/>
        <line num="97" count="58" type="stmt"/>
        <line num="98" count="58" type="cond" truecount="1" falsecount="0"/>
        <line num="99" count="58" type="stmt"/>
        <line num="100" count="58" type="stmt"/>
        <line num="101" count="58" type="stmt"/>
        <line num="102" count="58" type="stmt"/>
        <line num="103" count="58" type="stmt"/>
        <line num="104" count="58" type="stmt"/>
        <line num="105" count="58" type="stmt"/>
        <line num="106" count="58" type="stmt"/>
        <line num="107" count="58" type="stmt"/>
        <line num="108" count="58" type="stmt"/>
        <line num="109" count="58" type="stmt"/>
        <line num="110" count="58" type="stmt"/>
        <line num="111" count="58" type="stmt"/>
        <line num="112" count="58" type="stmt"/>
        <line num="113" count="58" type="stmt"/>
        <line num="114" count="58" type="stmt"/>
        <line num="115" count="58" type="stmt"/>
        <line num="116" count="58" type="stmt"/>
        <line num="117" count="58" type="stmt"/>
        <line num="118" count="58" type="stmt"/>
        <line num="119" count="58" type="stmt"/>
        <line num="120" count="58" type="stmt"/>
        <line num="121" count="58" type="stmt"/>
        <line num="122" count="58" type="stmt"/>
        <line num="123" count="58" type="stmt"/>
        <line num="124" count="58" type="stmt"/>
        <line num="125" count="58" type="stmt"/>
        <line num="126" count="58" type="stmt"/>
        <line num="127" count="58" type="stmt"/>
        <line num="128" count="58" type="stmt"/>
        <line num="129" count="58" type="stmt"/>
        <line num="130" count="58" type="stmt"/>
        <line num="131" count="58" type="stmt"/>
        <line num="132" count="58" type="stmt"/>
        <line num="133" count="58" type="stmt"/>
        <line num="134" count="58" type="stmt"/>
        <line num="135" count="58" type="stmt"/>
        <line num="136" count="58" type="stmt"/>
        <line num="137" count="58" type="stmt"/>
        <line num="138" count="1" type="stmt"/>
        <line num="139" count="1" type="stmt"/>
        <line num="140" count="1" type="stmt"/>
        <line num="141" count="1" type="stmt"/>
        <line num="142" count="1" type="stmt"/>
        <line num="143" count="1" type="stmt"/>
        <line num="144" count="1" type="stmt"/>
        <line num="145" count="1" type="stmt"/>
        <line num="146" count="1" type="stmt"/>
        <line num="147" count="1" type="cond" truecount="1" falsecount="0"/>
        <line num="148" count="576" type="stmt"/>
        <line num="149" count="576" type="stmt"/>
        <line num="150" count="1" type="stmt"/>
        <line num="151" count="1" type="stmt"/>
        <line num="152" count="1" type="stmt"/>
        <line num="153" count="1" type="stmt"/>
      </file>
    </package>
    <package name="components.ViewModal">
      <metrics statements="183" coveredstatements="142" conditionals="18" coveredconditionals="4" methods="4" coveredmethods="1"/>
      <file name="ViewModal.jsx" path="/Users/lucywbeck/Workspace/classes/cs394/nuprojects/src/components/ViewModal/ViewModal.jsx">
        <metrics statements="183" coveredstatements="142" conditionals="18" coveredconditionals="4" methods="4" coveredmethods="1"/>
        <line num="1" count="1" type="stmt"/>
        <line num="2" count="1" type="stmt"/>
        <line num="3" count="1" type="stmt"/>
        <line num="4" count="1" type="stmt"/>
        <line num="5" count="1" type="stmt"/>
        <line num="6" count="1" type="stmt"/>
        <line num="7" count="1" type="stmt"/>
        <line num="8" count="1" type="stmt"/>
        <line num="9" count="1" type="stmt"/>
        <line num="10" count="1" type="stmt"/>
        <line num="11" count="1" type="cond" truecount="1" falsecount="0"/>
        <line num="12" count="640" type="stmt"/>
        <line num="13" count="640" type="stmt"/>
        <line num="14" count="640" type="cond" truecount="0" falsecount="2"/>
        <line num="15" count="0" type="stmt"/>
        <line num="16" count="640" type="stmt"/>
        <line num="17" count="640" type="stmt"/>
        <line num="18" count="640" type="stmt"/>
        <line num="19" count="640" type="cond" truecount="0" falsecount="2"/>
        <line num="20" count="0" type="stmt"/>
        <line num="21" count="640" type="stmt"/>
        <line num="22" count="640" type="stmt"/>
        <line num="23" count="640" type="stmt"/>
        <line num="24" count="640" type="stmt"/>
        <line num="25" count="0" type="stmt"/>
        <line num="26" count="0" type="stmt"/>
        <line num="27" count="0" type="stmt"/>
        <line num="28" count="0" type="stmt"/>
        <line num="29" count="0" type="stmt"/>
        <line num="30" count="0" type="stmt"/>
        <line num="31" count="0" type="stmt"/>
        <line num="32" count="0" type="stmt"/>
        <line num="33" count="0" type="stmt"/>
        <line num="34" count="0" type="stmt"/>
        <line num="35" count="0" type="stmt"/>
        <line num="36" count="640" type="stmt"/>
        <line num="37" count="640" type="stmt"/>
        <line num="38" count="0" type="stmt"/>
        <line num="39" count="0" type="stmt"/>
        <line num="40" count="0" type="stmt"/>
        <line num="41" count="0" type="stmt"/>
        <line num="42" count="0" type="stmt"/>
        <line num="43" count="0" type="stmt"/>
        <line num="44" count="0" type="stmt"/>
        <line num="45" count="0" type="stmt"/>
        <line num="46" count="0" type="stmt"/>
        <line num="47" count="0" type="stmt"/>
        <line num="48" count="0" type="stmt"/>
        <line num="49" count="0" type="stmt"/>
        <line num="50" count="0" type="stmt"/>
        <line num="51" count="640" type="stmt"/>
        <line num="52" count="640" type="stmt"/>
        <line num="53" count="0" type="stmt"/>
        <line num="54" count="0" type="stmt"/>
        <line num="55" count="0" type="stmt"/>
        <line num="56" count="0" type="stmt"/>
        <line num="57" count="0" type="stmt"/>
        <line num="58" count="0" type="stmt"/>
        <line num="59" count="0" type="stmt"/>
        <line num="60" count="0" type="stmt"/>
        <line num="61" count="0" type="stmt"/>
        <line num="62" count="0" type="stmt"/>
        <line num="63" count="0" type="stmt"/>
        <line num="64" count="640" type="stmt"/>
        <line num="65" count="640" type="stmt"/>
        <line num="66" count="640" type="stmt"/>
        <line num="67" count="640" type="stmt"/>
        <line num="68" count="640" type="stmt"/>
        <line num="69" count="640" type="cond" truecount="0" falsecount="1"/>
        <line num="70" count="0" type="stmt"/>
        <line num="71" count="640" type="stmt"/>
        <line num="72" count="640" type="stmt"/>
        <line num="73" count="640" type="stmt"/>
        <line num="74" count="640" type="stmt"/>
        <line num="75" count="640" type="stmt"/>
        <line num="76" count="640" type="stmt"/>
        <line num="77" count="640" type="stmt"/>
        <line num="78" count="640" type="stmt"/>
        <line num="79" count="640" type="stmt"/>
        <line num="80" count="640" type="stmt"/>
        <line num="81" count="640" type="stmt"/>
        <line num="82" count="640" type="cond" truecount="0" falsecount="1"/>
        <line num="83" count="640" type="stmt"/>
        <line num="84" count="640" type="stmt"/>
        <line num="85" count="640" type="cond" truecount="1" falsecount="0"/>
        <line num="86" count="640" type="stmt"/>
        <line num="87" count="640" type="stmt"/>
        <line num="88" count="640" type="stmt"/>
        <line num="89" count="640" type="stmt"/>
        <line num="90" count="640" type="cond" truecount="0" falsecount="1"/>
        <line num="91" count="640" type="stmt"/>
        <line num="92" count="640" type="stmt"/>
        <line num="93" count="640" type="cond" truecount="0" falsecount="1"/>
        <line num="94" count="640" type="stmt"/>
        <line num="95" count="640" type="stmt"/>
        <line num="96" count="640" type="stmt"/>
        <line num="97" count="640" type="stmt"/>
        <line num="98" count="640" type="cond" truecount="0" falsecount="1"/>
        <line num="99" count="640" type="stmt"/>
        <line num="100" count="640" type="stmt"/>
        <line num="101" count="640" type="cond" truecount="0" falsecount="1"/>
        <line num="102" count="640" type="stmt"/>
        <line num="103" count="640" type="stmt"/>
        <line num="104" count="640" type="stmt"/>
        <line num="105" count="640" type="stmt"/>
        <line num="106" count="640" type="cond" truecount="0" falsecount="1"/>
        <line num="107" count="640" type="stmt"/>
        <line num="108" count="640" type="stmt"/>
        <line num="109" count="640" type="cond" truecount="0" falsecount="1"/>
        <line num="110" count="640" type="stmt"/>
        <line num="111" count="640" type="stmt"/>
        <line num="112" count="640" type="stmt"/>
        <line num="113" count="640" type="stmt"/>
        <line num="114" count="640" type="cond" truecount="0" falsecount="1"/>
        <line num="115" count="640" type="stmt"/>
        <line num="116" count="640" type="stmt"/>
        <line num="117" count="640" type="stmt"/>
        <line num="118" count="640" type="cond" truecount="1" falsecount="0"/>
        <line num="119" count="1372" type="stmt"/>
        <line num="120" count="1372" type="stmt"/>
        <line num="121" count="1372" type="stmt"/>
        <line num="122" count="1372" type="stmt"/>
        <line num="123" count="1372" type="stmt"/>
        <line num="124" count="1372" type="stmt"/>
        <line num="125" count="640" type="stmt"/>
        <line num="126" count="640" type="stmt"/>
        <line num="127" count="640" type="stmt"/>
        <line num="128" count="640" type="stmt"/>
        <line num="129" count="640" type="cond" truecount="1" falsecount="0"/>
        <line num="130" count="718" type="stmt"/>
        <line num="131" count="718" type="stmt"/>
        <line num="132" count="718" type="stmt"/>
        <line num="133" count="718" type="stmt"/>
        <line num="134" count="718" type="stmt"/>
        <line num="135" count="718" type="stmt"/>
        <line num="136" count="640" type="stmt"/>
        <line num="137" count="640" type="stmt"/>
        <line num="138" count="640" type="stmt"/>
        <line num="139" count="640" type="stmt"/>
        <line num="140" count="640" type="stmt"/>
        <line num="141" count="640" type="stmt"/>
        <line num="142" count="640" type="stmt"/>
        <line num="143" count="640" type="stmt"/>
        <line num="144" count="640" type="stmt"/>
        <line num="145" count="640" type="cond" truecount="0" falsecount="1"/>
        <line num="146" count="0" type="stmt"/>
        <line num="147" count="0" type="stmt"/>
        <line num="148" count="0" type="stmt"/>
        <line num="149" count="640" type="stmt"/>
        <line num="150" count="640" type="stmt"/>
        <line num="151" count="640" type="stmt"/>
        <line num="152" count="640" type="stmt"/>
        <line num="153" count="640" type="stmt"/>
        <line num="154" count="640" type="stmt"/>
        <line num="155" count="640" type="stmt"/>
        <line num="156" count="640" type="stmt"/>
        <line num="157" count="640" type="stmt"/>
        <line num="158" count="640" type="stmt"/>
        <line num="159" count="640" type="stmt"/>
        <line num="160" count="640" type="stmt"/>
        <line num="161" count="640" type="stmt"/>
        <line num="162" count="640" type="stmt"/>
        <line num="163" count="640" type="stmt"/>
        <line num="164" count="640" type="stmt"/>
        <line num="165" count="640" type="stmt"/>
        <line num="166" count="640" type="stmt"/>
        <line num="167" count="640" type="stmt"/>
        <line num="168" count="640" type="stmt"/>
        <line num="169" count="640" type="stmt"/>
        <line num="170" count="640" type="stmt"/>
        <line num="171" count="640" type="stmt"/>
        <line num="172" count="640" type="stmt"/>
        <line num="173" count="640" type="stmt"/>
        <line num="174" count="640" type="stmt"/>
        <line num="175" count="1" type="stmt"/>
        <line num="176" count="1" type="stmt"/>
        <line num="177" count="1" type="stmt"/>
        <line num="178" count="1" type="stmt"/>
        <line num="179" count="1" type="stmt"/>
        <line num="180" count="1" type="stmt"/>
        <line num="181" count="1" type="stmt"/>
        <line num="182" count="1" type="stmt"/>
        <line num="183" count="1" type="stmt"/>
      </file>
    </package>
    <package name="context">
      <metrics statements="41" coveredstatements="7" conditionals="0" coveredconditionals="0" methods="3" coveredmethods="0"/>
      <file name="UserContext.jsx" path="/Users/lucywbeck/Workspace/classes/cs394/nuprojects/src/context/UserContext.jsx">
        <metrics statements="41" coveredstatements="7" conditionals="0" coveredconditionals="0" methods="3" coveredmethods="0"/>
        <line num="1" count="1" type="stmt"/>
        <line num="2" count="1" type="stmt"/>
        <line num="3" count="1" type="stmt"/>
        <line num="4" count="1" type="stmt"/>
        <line num="5" count="1" type="stmt"/>
        <line num="6" count="1" type="stmt"/>
        <line num="7" count="1" type="stmt"/>
        <line num="8" count="0" type="stmt"/>
        <line num="9" count="0" type="stmt"/>
        <line num="10" count="0" type="stmt"/>
        <line num="11" count="0" type="stmt"/>
        <line num="12" count="0" type="stmt"/>
        <line num="13" count="0" type="stmt"/>
        <line num="14" count="0" type="stmt"/>
        <line num="15" count="0" type="stmt"/>
        <line num="16" count="0" type="stmt"/>
        <line num="17" count="0" type="stmt"/>
        <line num="18" count="0" type="stmt"/>
        <line num="19" count="0" type="stmt"/>
        <line num="20" count="0" type="stmt"/>
        <line num="21" count="0" type="stmt"/>
        <line num="22" count="0" type="stmt"/>
        <line num="23" count="0" type="stmt"/>
        <line num="24" count="0" type="stmt"/>
        <line num="25" count="0" type="stmt"/>
        <line num="26" count="0" type="stmt"/>
        <line num="27" count="0" type="stmt"/>
        <line num="28" count="0" type="stmt"/>
        <line num="29" count="0" type="stmt"/>
        <line num="30" count="0" type="stmt"/>
        <line num="31" count="0" type="stmt"/>
        <line num="32" count="0" type="stmt"/>
        <line num="33" count="0" type="stmt"/>
        <line num="34" count="0" type="stmt"/>
        <line num="35" count="0" type="stmt"/>
        <line num="36" count="0" type="stmt"/>
        <line num="37" count="0" type="stmt"/>
        <line num="38" count="0" type="stmt"/>
        <line num="39" count="0" type="stmt"/>
        <line num="40" count="0" type="stmt"/>
        <line num="41" count="0" type="stmt"/>
      </file>
    </package>
    <package name="hooks">
      <metrics statements="17" coveredstatements="13" conditionals="1" coveredconditionals="1" methods="3" coveredmethods="1"/>
      <file name="useAuth.js" path="/Users/lucywbeck/Workspace/classes/cs394/nuprojects/src/hooks/useAuth.js">
        <metrics statements="6" coveredstatements="4" conditionals="0" coveredconditionals="0" methods="1" coveredmethods="0"/>
        <line num="1" count="1" type="stmt"/>
        <line num="2" count="1" type="stmt"/>
        <line num="3" count="1" type="stmt"/>
        <line num="4" count="1" type="stmt"/>
        <line num="5" count="0" type="stmt"/>
        <line num="6" count="0" type="stmt"/>
      </file>
      <file name="useInput.js" path="/Users/lucywbeck/Workspace/classes/cs394/nuprojects/src/hooks/useInput.js">
        <metrics statements="11" coveredstatements="9" conditionals="1" coveredconditionals="1" methods="2" coveredmethods="1"/>
        <line num="1" count="1" type="stmt"/>
        <line num="2" count="1" type="stmt"/>
        <line num="3" count="1" type="cond" truecount="1" falsecount="0"/>
        <line num="4" count="522" type="stmt"/>
        <line num="5" count="522" type="stmt"/>
        <line num="6" count="522" type="stmt"/>
        <line num="7" count="0" type="stmt"/>
        <line num="8" count="0" type="stmt"/>
        <line num="9" count="522" type="stmt"/>
        <line num="10" count="522" type="stmt"/>
        <line num="11" count="522" type="stmt"/>
      </file>
    </package>
    <package name="utilities">
      <metrics statements="160" coveredstatements="64" conditionals="0" coveredconditionals="0" methods="9" coveredmethods="0"/>
      <file name="firebase.js" path="/Users/lucywbeck/Workspace/classes/cs394/nuprojects/src/utilities/firebase.js">
        <metrics statements="160" coveredstatements="64" conditionals="0" coveredconditionals="0" methods="9" coveredmethods="0"/>
        <line num="1" count="1" type="stmt"/>
        <line num="2" count="1" type="stmt"/>
        <line num="3" count="1" type="stmt"/>
        <line num="4" count="1" type="stmt"/>
        <line num="5" count="1" type="stmt"/>
        <line num="6" count="1" type="stmt"/>
        <line num="7" count="1" type="stmt"/>
        <line num="8" count="1" type="stmt"/>
        <line num="9" count="1" type="stmt"/>
        <line num="10" count="1" type="stmt"/>
        <line num="11" count="1" type="stmt"/>
        <line num="12" count="1" type="stmt"/>
        <line num="13" count="1" type="stmt"/>
        <line num="14" count="1" type="stmt"/>
        <line num="15" count="1" type="stmt"/>
        <line num="16" count="1" type="stmt"/>
        <line num="17" count="1" type="stmt"/>
        <line num="18" count="1" type="stmt"/>
        <line num="19" count="1" type="stmt"/>
        <line num="20" count="1" type="stmt"/>
        <line num="21" count="1" type="stmt"/>
        <line num="22" count="1" type="stmt"/>
        <line num="23" count="1" type="stmt"/>
        <line num="24" count="1" type="stmt"/>
        <line num="25" count="1" type="stmt"/>
        <line num="26" count="1" type="stmt"/>
        <line num="27" count="1" type="stmt"/>
        <line num="28" count="1" type="stmt"/>
        <line num="29" count="1" type="stmt"/>
        <line num="30" count="1" type="stmt"/>
        <line num="31" count="1" type="stmt"/>
        <line num="32" count="1" type="stmt"/>
        <line num="33" count="1" type="stmt"/>
        <line num="34" count="1" type="stmt"/>
        <line num="35" count="1" type="stmt"/>
        <line num="36" count="1" type="stmt"/>
        <line num="37" count="1" type="stmt"/>
        <line num="38" count="1" type="stmt"/>
        <line num="39" count="1" type="stmt"/>
        <line num="40" count="1" type="stmt"/>
        <line num="41" count="1" type="stmt"/>
        <line num="42" count="1" type="stmt"/>
        <line num="43" count="1" type="stmt"/>
        <line num="44" count="1" type="stmt"/>
        <line num="45" count="1" type="stmt"/>
        <line num="46" count="0" type="stmt"/>
        <line num="47" count="0" type="stmt"/>
        <line num="48" count="0" type="stmt"/>
        <line num="49" count="0" type="stmt"/>
        <line num="50" count="1" type="stmt"/>
        <line num="51" count="0" type="stmt"/>
        <line num="52" count="0" type="stmt"/>
        <line num="53" count="0" type="stmt"/>
        <line num="54" count="0" type="stmt"/>
        <line num="55" count="0" type="stmt"/>
        <line num="56" count="0" type="stmt"/>
        <line num="57" count="0" type="stmt"/>
        <line num="58" count="0" type="stmt"/>
        <line num="59" count="0" type="stmt"/>
        <line num="60" count="0" type="stmt"/>
        <line num="61" count="0" type="stmt"/>
        <line num="62" count="0" type="stmt"/>
        <line num="63" count="0" type="stmt"/>
        <line num="64" count="0" type="stmt"/>
        <line num="65" count="0" type="stmt"/>
        <line num="66" count="0" type="stmt"/>
        <line num="67" count="0" type="stmt"/>
        <line num="68" count="0" type="stmt"/>
        <line num="69" count="0" type="stmt"/>
        <line num="70" count="1" type="stmt"/>
        <line num="71" count="1" type="stmt"/>
        <line num="72" count="0" type="stmt"/>
        <line num="73" count="0" type="stmt"/>
        <line num="74" count="0" type="stmt"/>
        <line num="75" count="0" type="stmt"/>
        <line num="76" count="0" type="stmt"/>
        <line num="77" count="1" type="stmt"/>
        <line num="78" count="1" type="stmt"/>
        <line num="79" count="0" type="stmt"/>
        <line num="80" count="0" type="stmt"/>
        <line num="81" count="0" type="stmt"/>
        <line num="82" count="1" type="stmt"/>
        <line num="83" count="1" type="stmt"/>
        <line num="84" count="0" type="stmt"/>
        <line num="85" count="0" type="stmt"/>
        <line num="86" count="0" type="stmt"/>
        <line num="87" count="0" type="stmt"/>
        <line num="88" count="0" type="stmt"/>
        <line num="89" count="1" type="stmt"/>
        <line num="90" count="1" type="stmt"/>
        <line num="91" count="0" type="stmt"/>
        <line num="92" count="0" type="stmt"/>
        <line num="93" count="0" type="stmt"/>
        <line num="94" count="0" type="stmt"/>
        <line num="95" count="0" type="stmt"/>
        <line num="96" count="0" type="stmt"/>
        <line num="97" count="0" type="stmt"/>
        <line num="98" count="0" type="stmt"/>
        <line num="99" count="0" type="stmt"/>
        <line num="100" count="0" type="stmt"/>
        <line num="101" count="0" type="stmt"/>
        <line num="102" count="0" type="stmt"/>
        <line num="103" count="0" type="stmt"/>
        <line num="104" count="0" type="stmt"/>
        <line num="105" count="0" type="stmt"/>
        <line num="106" count="0" type="stmt"/>
        <line num="107" count="0" type="stmt"/>
        <line num="108" count="0" type="stmt"/>
        <line num="109" count="0" type="stmt"/>
        <line num="110" count="0" type="stmt"/>
        <line num="111" count="1" type="stmt"/>
        <line num="112" count="1" type="stmt"/>
        <line num="113" count="1" type="stmt"/>
        <line num="114" count="1" type="stmt"/>
        <line num="115" count="1" type="stmt"/>
        <line num="116" count="0" type="stmt"/>
        <line num="117" count="0" type="stmt"/>
        <line num="118" count="0" type="stmt"/>
        <line num="119" count="0" type="stmt"/>
        <line num="120" count="0" type="stmt"/>
        <line num="121" count="0" type="stmt"/>
        <line num="122" count="0" type="stmt"/>
        <line num="123" count="0" type="stmt"/>
        <line num="124" count="0" type="stmt"/>
        <line num="125" count="0" type="stmt"/>
        <line num="126" count="0" type="stmt"/>
        <line num="127" count="0" type="stmt"/>
        <line num="128" count="0" type="stmt"/>
        <line num="129" count="0" type="stmt"/>
        <line num="130" count="0" type="stmt"/>
        <line num="131" count="0" type="stmt"/>
        <line num="132" count="0" type="stmt"/>
        <line num="133" count="0" type="stmt"/>
        <line num="134" count="0" type="stmt"/>
        <line num="135" count="0" type="stmt"/>
        <line num="136" count="1" type="stmt"/>
        <line num="137" count="1" type="stmt"/>
        <line num="138" count="1" type="stmt"/>
        <line num="139" count="0" type="stmt"/>
        <line num="140" count="0" type="stmt"/>
        <line num="141" count="0" type="stmt"/>
        <line num="142" count="0" type="stmt"/>
        <line num="143" count="0" type="stmt"/>
        <line num="144" count="0" type="stmt"/>
        <line num="145" count="0" type="stmt"/>
        <line num="146" count="0" type="stmt"/>
        <line num="147" count="0" type="stmt"/>
        <line num="148" count="0" type="stmt"/>
        <line num="149" count="0" type="stmt"/>
        <line num="150" count="0" type="stmt"/>
        <line num="151" count="0" type="stmt"/>
        <line num="152" count="0" type="stmt"/>
        <line num="153" count="0" type="stmt"/>
        <line num="154" count="0" type="stmt"/>
        <line num="155" count="0" type="stmt"/>
        <line num="156" count="0" type="stmt"/>
        <line num="157" count="0" type="stmt"/>
        <line num="158" count="0" type="stmt"/>
        <line num="159" count="1" type="stmt"/>
        <line num="160" count="1" type="stmt"/>
      </file>
    </package>
  </project>
</coverage>
